#
# A fatal error has been detected by the Java Runtime Environment:
#
#  EXCEPTION_ACCESS_VIOLATION (0xc0000005) at pc=0x000002735e4bff6e, pid=17460, tid=9584
#
# JRE version: OpenJDK Runtime Environment (23.0.2+7) (build 23.0.2+7-58)
# Java VM: OpenJDK 64-Bit Server VM (23.0.2+7-58, mixed mode, sharing, tiered, compressed oops, compressed class ptrs, g1 gc, windows-amd64)
# Problematic frame:
# C  0x000002735e4bff6e
#
# No core dump will be written. Minidumps are not enabled by default on client versions of Windows
#
# If you would like to submit a bug report, please visit:
#   https://bugreport.java.com/bugreport/crash.jsp
# The crash happened outside the Java Virtual Machine in native code.
# See problematic frame for where to report the bug.
#

---------------  S U M M A R Y ------------

Command Line: -javaagent:C:\Program Files (x86)\JetBrains\IntelliJ IDEA Community Edition 2022.3.2\lib\idea_rt.jar=55207:C:\Program Files (x86)\JetBrains\IntelliJ IDEA Community Edition 2022.3.2\bin -Dfile.encoding=UTF-8 -Dsun.stdout.encoding=UTF-8 -Dsun.stderr.encoding=UTF-8 Catan

Host: 11th Gen Intel(R) Core(TM) i7-11700 @ 2.50GHz, 16 cores, 15G,  Windows 10 , 64 bit Build 19041 (10.0.19041.5438)
Time: Tue Apr  1 14:11:35 2025 Central Daylight Time elapsed time: 11.120940 seconds (0d 0h 0m 11s)

---------------  T H R E A D  ---------------

Current thread (0x00000273772c4360):  JavaThread "main"             [_thread_in_native, id=9584, stack(0x000000c13b900000,0x000000c13ba00000) (1024K)]

Stack: [0x000000c13b900000,0x000000c13ba00000],  sp=0x000000c13b9fdd28,  free space=1015k
Native frames: (J=compiled Java code, j=interpreted, Vv=VM code, C=native code)
C  0x000002735e4bff6e  (no source info available)

Java frames: (J=compiled Java code, j=interpreted, Vv=VM code)
j  org.lwjgl.opengl.GL11C.nglTexImage2D(IIIIIIIIJ)V+0
j  org.lwjgl.opengl.GL11C.glTexImage2D(IIIIIIIILjava/nio/ByteBuffer;)V+17
j  RenderingStuff.Material.createTexture(Ljava/lang/String;)I+127
j  RenderingStuff.Material.<init>(Lorg/lwjgl/assimp/AIMaterial;)V+107
j  RenderingStuff.Mesh.importData(Ljava/lang/String;)V+52
j  RenderingStuff.Mesh.<init>(Ljava/lang/String;)V+67
J 1476 c1 Catan.InstantiateBuildingMeshes()V (112 bytes) @ 0x000002730019e464 [0x000002730019e060+0x0000000000000404]
j  Catan.loop()V+30
j  Catan.run()V+115
j  Catan.main([Ljava/lang/String;)V+9
v  ~StubRoutines::call_stub 0x0000027307450fcd

siginfo: EXCEPTION_ACCESS_VIOLATION (0xc0000005), reading address 0x000002736dd03001


Registers:
RAX=0x000002735e4bff40, RBX=0x0000000000000000, RCX=0x0000000000000003, RDX=0x0000000000000000
RSP=0x000000c13b9fdd28, RBP=0x0000000000000125, RSI=0x000002736dd02fff, RDI=0x0000027360617cd4
R8 =0x00000000000001da, R9 =0x0000027360617a00, R10=0x000002736dd02de0, R11=0x0000027360617a00
R12=0x0000000000000780, R13=0x00007ff8b6dff5e0, R14=0x0000027317cc6fb0, R15=0x0000000000000590
RIP=0x000002735e4bff6e, EFLAGS=0x0000000000010202


Register to memory mapping:

RAX=0x000002735e4bff40 points into unknown readable memory: 0x4c575653ec8b4855 | 55 48 8b ec 53 56 57 4c
RBX=0x0 is null
RCX=0x0000000000000003 is an unknown value
RDX=0x0 is null
RSP=0x000000c13b9fdd28 is pointing into the stack for thread: 0x00000273772c4360
RBP=0x0000000000000125 is an unknown value
RSI=0x000002736dd02fff points into unknown readable memory: 00
RDI=0x0000027360617cd4 points into unknown readable memory: cd a2 78 00
R8 =0x00000000000001da is an unknown value
R9 =0x0000027360617a00 points into unknown readable memory: 0x00a97dc600ff5ead | ad 5e ff 00 c6 7d a9 00
R10=0x000002736dd02de0 points into unknown readable memory: 0x276da97dc6ff5ead | ad 5e ff c6 7d a9 6d 27
R11=0x0000027360617a00 points into unknown readable memory: 0x00a97dc600ff5ead | ad 5e ff 00 c6 7d a9 00
R12=0x0000000000000780 is an unknown value
R13=0x00007ff8b6dff5e0 nvoglv64.dll
R14=0x0000027317cc6fb0 points into unknown readable memory: 0x0000000000000400 | 00 04 00 00 00 00 00 00
R15=0x0000000000000590 is an unknown value

Top of Stack: (sp=0x000000c13b9fdd28)
0x000000c13b9fdd28:   000002736dd02de0 000000c13b9fe9f0
0x000000c13b9fdd38:   0000027360617a00 0000000000000001
0x000000c13b9fdd48:   00007ff8b6dffc93 00000273605b9e00
0x000000c13b9fdd58:   0000000000000000 0000000000000111
0x000000c13b9fdd68:   0000027317cc6fb0 0000000200000000
0x000000c13b9fdd78:   0000002a00000000 0000000e00000000
0x000000c13b9fdd88:   0000000000000000 000000c100000000
0x000000c13b9fdd98:   00000000000001da 000000c100000111
0x000000c13b9fdda8:   00007ff9356ee900 0061007400000000
0x000000c13b9fddb8:   0000027300000000 00000010000000c9
0x000000c13b9fddc8:   00007ff8b6dff5e0 000000c100000000
0x000000c13b9fddd8:   0000000000000780 00000111000000c9
0x000000c13b9fdde8:   00000273605b9e00 00000000000f0000
0x000000c13b9fddf8:   0000000000000000 0000000010dce600
0x000000c13b9fde08:   000002736d7b3060 000001da00000000
0x000000c13b9fde18:   00000001000001da 0000000000000002
0x000000c13b9fde28:   000001da000001da 0000000000000001
0x000000c13b9fde38:   0000000000000004 0000000000000001
0x000000c13b9fde48:   0000000000000000 0000000000000000
0x000000c13b9fde58:   0000000000000000 0000000000000000
0x000000c13b9fde68:   0000000000000000 0000000000000000
0x000000c13b9fde78:   0000000000000000 0000000000000000
0x000000c13b9fde88:   0000000000000000 0000000000000004
0x000000c13b9fde98:   0000000000000006 0000000000000000
0x000000c13b9fdea8:   0000000000000000 0000000000000000
0x000000c13b9fdeb8:   0000000000000000 0000000000000000
0x000000c13b9fdec8:   0000000000000000 0000000000000000
0x000000c13b9fded8:   0000000000000000 00000000000000d7
0x000000c13b9fdee8:   0000000000000001 0000000005539e80
0x000000c13b9fdef8:   0000027363675220 0000000000000780
0x000000c13b9fdf08:   0000000000000000 0000000000000001
0x000000c13b9fdf18:   0000000000000000 0000000000000000 

Instructions: (pc=0x000002735e4bff6e)
0x000002735e4bfe6e:   00 00 00 00 00 00 00 00 00 00 00 00 00 00 00 00
0x000002735e4bfe7e:   00 00 00 00 00 00 00 00 00 00 00 00 00 00 00 00
0x000002735e4bfe8e:   00 00 00 00 00 00 00 00 00 00 00 00 00 00 00 00
0x000002735e4bfe9e:   00 00 00 00 00 00 00 00 00 00 00 00 00 00 00 00
0x000002735e4bfeae:   00 00 00 00 00 00 00 00 00 00 00 00 00 00 00 00
0x000002735e4bfebe:   00 00 00 00 00 00 00 00 00 00 00 00 00 00 00 00
0x000002735e4bfece:   00 00 00 00 00 00 00 00 00 00 00 00 00 00 00 00
0x000002735e4bfede:   00 00 00 00 00 00 00 00 00 00 00 00 00 00 00 00
0x000002735e4bfeee:   00 00 00 00 00 00 00 00 00 00 00 00 00 00 00 00
0x000002735e4bfefe:   00 00 00 00 00 00 00 00 00 00 00 00 00 00 00 00
0x000002735e4bff0e:   00 00 00 00 00 00 00 00 00 00 00 00 00 00 00 00
0x000002735e4bff1e:   00 00 00 00 00 00 00 00 00 00 00 00 00 00 00 00
0x000002735e4bff2e:   00 00 00 00 00 00 00 00 00 00 80 ff ff ff 00 ff
0x000002735e4bff3e:   00 00 55 48 8b ec 53 56 57 4c 8b da 4c 8b d1 49
0x000002735e4bff4e:   8b f2 49 8b fb 41 8b e8 85 ed 0f 84 30 00 00 00
0x000002735e4bff5e:   b9 03 00 00 00 0f 8f 05 00 00 00 48 f7 d9 f7 dd
0x000002735e4bff6e:   0f b6 5e 02 c1 e3 10 0f b7 16 0b da 48 03 f1 48
0x000002735e4bff7e:   83 c7 04 81 e3 ff ff ff 00 ff cd 89 5f fc 75 e0
0x000002735e4bff8e:   5f 5e 5b 5d c3 00 00 00 00 00 00 00 00 00 00 00
0x000002735e4bff9e:   00 00 00 00 00 00 00 00 00 00 00 00 00 00 00 00
0x000002735e4bffae:   00 00 00 00 00 00 00 00 00 00 c0 ff ff ff 80 00
0x000002735e4bffbe:   00 00 48 b8 60 93 21 61 73 02 00 00 48 8b 00 49
0x000002735e4bffce:   ba c8 d8 1c 61 73 02 00 00 48 83 ec 28 48 83 c4
0x000002735e4bffde:   28 c3 00 00 00 00 00 00 00 00 00 00 00 00 00 00
0x000002735e4bffee:   00 00 00 00 00 00 00 00 00 00 00 00 ff ff 40 00
0x000002735e4bfffe:   00 00 00 00 00 00 00 00 00 00 00 00 00 00 00 00
0x000002735e4c000e:   00 00 00 00 00 00 00 00 00 00 00 00 00 00 00 00
0x000002735e4c001e:   00 00 00 00 00 00 00 00 00 00 00 00 00 00 00 00
0x000002735e4c002e:   00 00 00 00 00 00 00 00 00 00 00 00 00 00 00 00
0x000002735e4c003e:   00 00 00 00 00 00 00 00 00 00 00 00 00 00 00 00
0x000002735e4c004e:   00 00 00 00 00 00 00 00 00 00 00 00 00 00 00 00
0x000002735e4c005e:   00 00 00 00 00 00 00 00 00 00 00 00 00 00 00 00 


Stack slot to memory mapping:

stack at sp + 0 slots: 0x000002736dd02de0 points into unknown readable memory: 0x276da97dc6ff5ead | ad 5e ff c6 7d a9 6d 27
stack at sp + 1 slots: 0x000000c13b9fe9f0 is pointing into the stack for thread: 0x00000273772c4360
stack at sp + 2 slots: 0x0000027360617a00 points into unknown readable memory: 0x00a97dc600ff5ead | ad 5e ff 00 c6 7d a9 00
stack at sp + 3 slots: 0x0000000000000001 is an unknown value
stack at sp + 4 slots: 0x00007ff8b6dffc93 nvoglv64.dll
stack at sp + 5 slots: 0x00000273605b9e00 points into unknown readable memory: 0x005ca5df0073bdf7 | f7 bd 73 00 df a5 5c 00
stack at sp + 6 slots: 0x0 is null
stack at sp + 7 slots: 0x0000000000000111 is an unknown value

Lock stack of current Java thread (top to bottom):


Compiled method (c1) 11235 1476       3       Catan::InstantiateBuildingMeshes (112 bytes)
 total in heap  [0x000002730019de88,0x000002730019e858] = 2512
 relocation     [0x000002730019df60,0x000002730019e028] = 200
 constants      [0x000002730019e040,0x000002730019e060] = 32
 main code      [0x000002730019e060,0x000002730019e798] = 1848
 stub code      [0x000002730019e798,0x000002730019e820] = 136
 oops           [0x000002730019e820,0x000002730019e828] = 8
 metadata       [0x000002730019e828,0x000002730019e858] = 48
 immutable data [0x0000027317454660,0x00000273174548b8] = 600
 dependencies   [0x0000027317454660,0x0000027317454670] = 16
 nul chk table  [0x0000027317454670,0x00000273174546b0] = 64
 scopes pcs     [0x00000273174546b0,0x00000273174547f0] = 320
 scopes data    [0x00000273174547f0,0x00000273174548b8] = 200


[Constant Pool]
             Address          hex4                    hex8      
  0x000002730019e040:   0x3f800000      0xf4f4f4f43f800000      
  0x000002730019e044:   0xf4f4f4f4                              
  0x000002730019e048:   0xf4f4f4f4      0xf4f4f4f4f4f4f4f4      
  0x000002730019e04c:   0xf4f4f4f4                              
  0x000002730019e050:   0xf4f4f4f4      0xf4f4f4f4f4f4f4f4      
  0x000002730019e054:   0xf4f4f4f4                              
  0x000002730019e058:   0xf4f4f4f4      0xf4f4f4f4f4f4f4f4      
  0x000002730019e05c:   0xf4f4f4f4                              

[MachCode]
[Instructions begin]
  0x000002730019e060: ;   {no_reloc}
  0x000002730019e060: 6666 660f | 1f84 0000 | 0000 0066 | 6666 9066 | 6690 448b | 5208 443b 

  0x000002730019e078: ;   {runtime_call ic_miss_stub}
  0x000002730019e078: 5008 0f85 | 6006 3007 
[Verified Entry Point]
  0x000002730019e080: 8984 2400 | 80ff ff55 | 4883 ec60 | 4181 7f20 | 0100 0000 

  0x000002730019e094: ;   {runtime_call StubRoutines (final stubs)}
  0x000002730019e094: 7405 e8c5 | c22e 0748 | 8954 2440 

  0x000002730019e0a0: ;   {metadata(method data for {method} {0x00000273594096d0} 'InstantiateBuildingMeshes' '()V' in 'Catan')}
  0x000002730019e0a0: 48be 587b | 8759 7302 | 0000 8bbe | cc00 0000 | 83c7 0289 | becc 0000 | 0081 e7fe | 0700 0085 
  0x000002730019e0c0: ff0f 84bb | 0500 0090 | 8b72 2448 | c1e6 0348 | 3b06 488b 

  0x000002730019e0d4: ;   {metadata(method data for {method} {0x00000273594096d0} 'InstantiateBuildingMeshes' '()V' in 'Catan')}
  0x000002730019e0d4: fe48 bb58 | 7b87 5973 | 0200 008b | 7f08 49ba | 0000 0018 | 7302 0000 | 4903 fa48 | 3bbb 2001 
  0x000002730019e0f4: 0000 750d | 4883 8328 | 0100 0001 | e960 0000 | 0048 3bbb | 3001 0000 | 750d 4883 | 8338 0100 
  0x000002730019e114: 0001 e94a | 0000 0048 | 83bb 2001 | 0000 0075 | 1748 89bb | 2001 0000 | 48c7 8328 | 0100 0001 
  0x000002730019e134: 0000 00e9 | 2900 0000 | 4883 bb30 | 0100 0000 | 7517 4889 | bb30 0100 | 0048 c783 | 3801 0000 
  0x000002730019e154: 0100 0000 | e908 0000 | 0048 8383 | 1801 0000 | 0148 8bd6 | 0f1f 4400 | 0048 b840 | 8987 6d73 
  0x000002730019e174: ;   {virtual_call}
  0x000002730019e174: 0200 00e8 

  0x000002730019e178: ; ImmutableOopMap {[64]=Oop }
                      ;*invokeinterface isEmpty {reexecute=0 rethrow=0 return_oop=0}
                      ; - Catan::InstantiateBuildingMeshes@4 (line 121)
  0x000002730019e178: 5608 0000 

  0x000002730019e17c: ;   {other}
  0x000002730019e17c: 0f1f 8400 | f402 0000 

  0x000002730019e184: ;   {metadata(method data for {method} {0x00000273594096d0} 'InstantiateBuildingMeshes' '()V' in 'Catan')}
  0x000002730019e184: 85c0 48ba | 587b 8759 | 7302 0000 | be48 0100 | 0075 05be | 5801 0000 | 488b 3c32 | 488d 7f01 
  0x000002730019e1a4: 4889 3c32 | 0f85 c104 | 0000 488b | 5424 408b | 7224 48c1 | e603 483b | 0648 8bfe 

  0x000002730019e1c0: ;   {metadata(method data for {method} {0x00000273594096d0} 'InstantiateBuildingMeshes' '()V' in 'Catan')}
  0x000002730019e1c0: 48bb 587b | 8759 7302 | 0000 8b7f | 0849 ba00 | 0000 1873 | 0200 0049 | 03fa 483b | bb70 0100 
  0x000002730019e1e0: 0075 0d48 | 8383 7801 | 0000 01e9 | 6000 0000 | 483b bb80 | 0100 0075 | 0d48 8383 | 8801 0000 
  0x000002730019e200: 01e9 4a00 | 0000 4883 | bb70 0100 | 0000 7517 | 4889 bb70 | 0100 0048 | c783 7801 | 0000 0100 
  0x000002730019e220: 0000 e929 | 0000 0048 | 83bb 8001 | 0000 0075 | 1748 89bb | 8001 0000 | 48c7 8388 | 0100 0001 
  0x000002730019e240: 0000 00e9 | 0800 0000 | 4883 8368 | 0100 0001 | 488b d666 | 9048 b868 | 8987 6d73 

  0x000002730019e25c: ;   {virtual_call}
  0x000002730019e25c: 0200 00e8 

  0x000002730019e260: ; ImmutableOopMap {[64]=Oop }
                      ;*invokeinterface remove {reexecute=0 rethrow=0 return_oop=0}
                      ; - Catan::InstantiateBuildingMeshes@16 (line 122)
  0x000002730019e260: 2d59 3007 

  0x000002730019e264: ;   {other}
  0x000002730019e264: 0f1f 8400 | dc03 0001 

  0x000002730019e26c: ;   {metadata(method data for {method} {0x00000273594096d0} 'InstantiateBuildingMeshes' '()V' in 'Catan')}
  0x000002730019e26c: 4885 c048 | be58 7b87 | 5973 0200 | 0075 0c80 | 8e91 0100 | 0001 e9ae | 0000 008b | 7808 49ba 
  0x000002730019e28c: 0000 0018 | 7302 0000 | 4903 fa48 | 3bbe a001 | 0000 750d | 4883 86a8 | 0100 0001 | e960 0000 
  0x000002730019e2ac: 0048 3bbe | b001 0000 | 750d 4883 | 86b8 0100 | 0001 e94a | 0000 0048 | 83be a001 | 0000 0075 
  0x000002730019e2cc: 1748 89be | a001 0000 | 48c7 86a8 | 0100 0001 | 0000 00e9 | 2900 0000 | 4883 beb0 | 0100 0000 
  0x000002730019e2ec: 7517 4889 | beb0 0100 | 0048 c786 | b801 0000 | 0100 0000 | e908 0000 | 0048 8386 | 9801 0000 
  0x000002730019e30c: ;   {metadata('Building')}
  0x000002730019e30c: 0148 bfb8 | 1c03 1973 | 0200 008b | 5008 49ba | 0000 0018 | 7302 0000 | 4903 d248 | 3bfa 0f85 
  0x000002730019e32c: 7d03 0000 | e900 0000 | 0048 8bd8 | 4889 5c24 | 508b 93dc | 0000 0048 | c1e2 0348 | 3b02 488b 
  0x000002730019e34c: ;   {metadata(method data for {method} {0x00000273594096d0} 'InstantiateBuildingMeshes' '()V' in 'Catan')}
  0x000002730019e34c: f248 bf58 | 7b87 5973 | 0200 0048 | 8387 c801 | 0000 018b 

  0x000002730019e360: ;   {metadata(method data for {method} {0x00000273594096d0} 'InstantiateBuildingMeshes' '()V' in 'Catan')}
  0x000002730019e360: 520c 48be | 587b 8759 | 7302 0000 | bf00 0200 | 0083 fa01 | 488b c7bf | 1002 0000 | 480f 45f8 
  0x000002730019e380: 83fa 0248 | 8bc7 bf20 | 0200 0048 | 0f45 f848 | 8b04 3e41 | ba01 0000 | 0049 03c2 | 4889 043e 
  0x000002730019e3a0: 83fa 010f | 8437 0000 | 0083 fa02 | 0f84 0f00 

  0x000002730019e3b0: ;   {oop(""{0x0000000704409e00})}
  0x000002730019e3b0: 0000 49b8 | 009e 4004 | 0700 0000 | e929 0000 

  0x000002730019e3c0: ;   {metadata(method data for {method} {0x00000273594096d0} 'InstantiateBuildingMeshes' '()V' in 'Catan')}
  0x000002730019e3c0: 0048 ba58 | 7b87 5973 | 0200 00ff | 8238 0200 

  0x000002730019e3d0: ;   {oop("city.fbx"{0x0000000713d82438})}
  0x000002730019e3d0: 0049 b838 | 24d8 1307 | 0000 00e9 | 0a00 0000 

  0x000002730019e3e0: ;   {oop("town.fbx"{0x0000000713d82468})}
  0x000002730019e3e0: 49b8 6824 | d813 0700 

  0x000002730019e3e8: ;   {metadata('RenderingStuff/Mesh')}
  0x000002730019e3e8: 0000 48ba | 082e 0319 | 7302 0000 | 498b 87b8 | 0100 0048 | 8d78 2049 | 3bbf c801 | 0000 0f87 
  0x000002730019e408: b402 0000 | 4989 bfb8 | 0100 0048 | c700 0100 | 0000 488b | ca49 ba00 | 0000 1873 | 0200 0049 
  0x000002730019e428: 2bca 8948 | 0848 33c9 | 8948 0c48 | 33c9 4889 | 4810 4889 | 4818 4889 | 4424 4848 

  0x000002730019e444: ;   {metadata(method data for {method} {0x00000273594096d0} 'InstantiateBuildingMeshes' '()V' in 'Catan')}
  0x000002730019e444: 8bd0 48be | 587b 8759 | 7302 0000 | 4883 8650 | 0200 0001 | 488b d00f 

  0x000002730019e45c: ;   {optimized virtual_call}
  0x000002730019e45c: 1f40 00e8 

  0x000002730019e460: ; ImmutableOopMap {[64]=Oop [72]=Oop [80]=Oop }
                      ;*invokespecial <init> {reexecute=0 rethrow=0 return_oop=0}
                      ; - Catan::InstantiateBuildingMeshes@74 (line 128)
  0x000002730019e460: 7803 0000 

  0x000002730019e464: ;   {other}
  0x000002730019e464: 0f1f 8400 | dc05 0002 | 488b 4424 | 488b 5014 | 48c1 e203 | 488b 5c24 | 50c5 fa10 | 83cc 0000 
  0x000002730019e484: 00c5 fa10 | 93d0 0000 | 0048 3b02 

  0x000002730019e490: ;   {metadata(method data for {method} {0x00000273594096d0} 'InstantiateBuildingMeshes' '()V' in 'Catan')}
  0x000002730019e490: 488b f248 | bf58 7b87 | 5973 0200 

  0x000002730019e49c: ;   {metadata('org/joml/Vector3f')}
  0x000002730019e49c: 0049 ba28 | 4200 1973 | 0200 004c | 8997 6802 | 0000 4883 | 8770 0200 

  0x000002730019e4b4: ;   {section_word}
  0x000002730019e4b4: 0001 c5fa | 100d 82fb 

  0x000002730019e4bc: ;   {optimized virtual_call}
  0x000002730019e4bc: ffff 90e8 

  0x000002730019e4c0: ; ImmutableOopMap {[64]=Oop [72]=Oop [80]=Oop }
                      ;*invokevirtual add {reexecute=0 rethrow=0 return_oop=0}
                      ; - Catan::InstantiateBuildingMeshes@91 (line 129)
  0x000002730019e4c0: f902 0000 

  0x000002730019e4c4: ;   {other}
  0x000002730019e4c4: 0f1f 8400 | 3c06 0003 | 450f be47 | 3845 85c0 | 488b 5c24 | 500f 85f3 | 0100 0048 | 8b44 2448 
  0x000002730019e4e4: 4c8b d049 | c1ea 0344 | 8993 f000 | 0000 4c8b | c34c 33c0 | 49c1 e815 | 4983 f800 | 0f85 ef01 
  0x000002730019e504: 0000 488b | 5424 4044 | 8b42 1049 | c1e0 0349 | 3b00 498b 

  0x000002730019e518: ;   {metadata(method data for {method} {0x00000273594096d0} 'InstantiateBuildingMeshes' '()V' in 'Catan')}
  0x000002730019e518: f048 bf58 | 7b87 5973 

  0x000002730019e520: ;   {metadata('RenderingStuff/CatanWindow')}
  0x000002730019e520: 0200 0049 | ba00 3400 | 1973 0200 | 004c 8997 | 9802 0000 | 4883 87a0 | 0200 0001 

  0x000002730019e53c: ;   {metadata(method data for {method} {0x0000027359411a28} 'addMesh' '(LRenderingStuff/Mesh;)V' in 'RenderingStuff/CatanWindow')}
  0x000002730019e53c: 48be 707e | 8759 7302 | 0000 8bbe | cc00 0000 | 83c7 0289 | becc 0000 | 0081 e7fe | ff1f 0085 
  0x000002730019e55c: ff0f 84af | 0100 0041 | 8b70 2448 | c1e6 0348 | 3b06 4c8b 

  0x000002730019e570: ;   {metadata(method data for {method} {0x0000027359411a28} 'addMesh' '(LRenderingStuff/Mesh;)V' in 'RenderingStuff/CatanWindow')}
  0x000002730019e570: c648 bf70 | 7e87 5973 | 0200 0045 | 8b40 0849 | ba00 0000 | 1873 0200 | 004d 03c2 | 4c3b 8720 
  0x000002730019e590: 0100 0075 | 0d48 8387 | 2801 0000 | 01e9 6000 | 0000 4c3b | 8730 0100 | 0075 0d48 | 8387 3801 
  0x000002730019e5b0: 0000 01e9 | 4a00 0000 | 4883 bf20 | 0100 0000 | 7517 4c89 | 8720 0100 | 0048 c787 | 2801 0000 
  0x000002730019e5d0: 0100 0000 | e929 0000 | 0048 83bf | 3001 0000 | 0075 174c | 8987 3001 | 0000 48c7 | 8738 0100 
  0x000002730019e5f0: 0001 0000 | 00e9 0800 | 0000 4883 | 8718 0100 | 0001 4c8b | c048 8bd6 | 0f1f 4400 | 0048 b890 
  0x000002730019e610: 8987 6d73 

  0x000002730019e614: ;   {virtual_call}
  0x000002730019e614: 0200 00e8 

  0x000002730019e618: ; ImmutableOopMap {[64]=Oop }
                      ;*invokeinterface add {reexecute=0 rethrow=0 return_oop=0}
                      ; - RenderingStuff.CatanWindow::addMesh@5 (line 174)
                      ; - Catan::InstantiateBuildingMeshes@105 (line 131)
  0x000002730019e618: 569d f3ff 

  0x000002730019e61c: ;   {other}
  0x000002730019e61c: 0f1f 8400 | 9407 0004 

  0x000002730019e624: ;   {metadata(method data for {method} {0x00000273594096d0} 'InstantiateBuildingMeshes' '()V' in 'Catan')}
  0x000002730019e624: 48be 587b | 8759 7302 | 0000 8bbe | d000 0000 | 83c7 0289 | bed0 0000 | 0081 e7fe | 3f00 0085 
  0x000002730019e644: ff0f 84ed | 0000 004d | 8b97 5004 

  0x000002730019e650: ; ImmutableOopMap {[64]=Oop }
                      ;*goto {reexecute=1 rethrow=0 return_oop=0}
                      ; - (reexecute) Catan::InstantiateBuildingMeshes@108 (line 132)
                      ;   {poll}
  0x000002730019e650: 0000 4185 

  0x000002730019e654: ;   {metadata(method data for {method} {0x00000273594096d0} 'InstantiateBuildingMeshes' '()V' in 'Catan')}
  0x000002730019e654: 0248 be58 | 7b87 5973 | 0200 00ff | 86c0 0200 | 0048 8b54 | 2440 e959 | faff ff48 | 83c4 605d 
  0x000002730019e674: ;   {poll_return}
  0x000002730019e674: 493b a748 | 0400 000f | 87d8 0000 

  0x000002730019e680: ;   {metadata({method} {0x00000273594096d0} 'InstantiateBuildingMeshes' '()V' in 'Catan')}
  0x000002730019e680: 00c3 49ba | c896 4059 | 7302 0000 | 4c89 5424 | 0848 c704 | 24ff ffff 

  0x000002730019e698: ;   {runtime_call counter_overflow Runtime1 stub}
  0x000002730019e698: ffe8 4276 

  0x000002730019e69c: ; ImmutableOopMap {rdx=Oop [64]=Oop }
                      ;*synchronization entry
                      ; - Catan::InstantiateBuildingMeshes@-1 (line 121)
  0x000002730019e69c: 3d07 e924 

  0x000002730019e6a0: ;   {runtime_call throw_null_pointer_exception Runtime1 stub}
  0x000002730019e6a0: faff ffe8 

  0x000002730019e6a4: ; ImmutableOopMap {rdx=Oop rsi=Oop [64]=Oop }
                      ;*invokeinterface isEmpty {reexecute=0 rethrow=0 return_oop=0}
                      ; - Catan::InstantiateBuildingMeshes@4 (line 121)
  0x000002730019e6a4: 38e6 3c07 

  0x000002730019e6a8: ;   {runtime_call throw_null_pointer_exception Runtime1 stub}
  0x000002730019e6a8: e833 e63c 

  0x000002730019e6ac: ; ImmutableOopMap {rdx=Oop rsi=Oop [64]=Oop }
                      ;*invokeinterface remove {reexecute=0 rethrow=0 return_oop=0}
                      ; - Catan::InstantiateBuildingMeshes@16 (line 122)
  0x000002730019e6ac: 0748 8904 

  0x000002730019e6b0: ;   {runtime_call throw_class_cast_exception Runtime1 stub}
  0x000002730019e6b0: 24e8 aa29 

  0x000002730019e6b4: ; ImmutableOopMap {[64]=Oop }
                      ;*checkcast {reexecute=0 rethrow=0 return_oop=0}
                      ; - Catan::InstantiateBuildingMeshes@21 (line 122)
                      ;   {runtime_call throw_null_pointer_exception Runtime1 stub}
  0x000002730019e6b4: 3d07 e825 

  0x000002730019e6b8: ; ImmutableOopMap {rbx=Oop [64]=Oop [80]=Oop }
                      ;*getfield type {reexecute=1 rethrow=0 return_oop=0}
                      ; - (reexecute) Catan::InstantiateBuildingMeshes@29 (line 124)
                      ;   {runtime_call throw_null_pointer_exception Runtime1 stub}
  0x000002730019e6b8: e63c 07e8 

  0x000002730019e6bc: ; ImmutableOopMap {rbx=Oop rdx=Oop [64]=Oop [80]=Oop }
                      ;*invokevirtual ordinal {reexecute=0 rethrow=0 return_oop=0}
                      ; - Catan::InstantiateBuildingMeshes@32 (line 124)
  0x000002730019e6bc: 20e6 3c07 

  0x000002730019e6c0: ;   {runtime_call fast_new_instance Runtime1 stub}
  0x000002730019e6c0: 488b d2e8 

  0x000002730019e6c4: ; ImmutableOopMap {r8=Oop [64]=Oop [80]=Oop }
                      ;*new {reexecute=0 rethrow=0 return_oop=0}
                      ; - Catan::InstantiateBuildingMeshes@69 (line 128)
  0x000002730019e6c4: 18f0 3c07 | e971 fdff 

  0x000002730019e6cc: ;   {runtime_call throw_null_pointer_exception Runtime1 stub}
  0x000002730019e6cc: ffe8 0ee6 

  0x000002730019e6d0: ; ImmutableOopMap {rax=Oop rdx=Oop rbx=Oop [64]=Oop [72]=Oop [80]=Oop }
                      ;*invokevirtual add {reexecute=0 rethrow=0 return_oop=0}
                      ; - Catan::InstantiateBuildingMeshes@91 (line 129)
  0x000002730019e6d0: 3c07 448b | 83f0 0000 | 0049 c1e0 | 0349 83f8 | 000f 84f8 | fdff ff4c 

  0x000002730019e6e8: ;   {runtime_call g1_pre_barrier_slow}
  0x000002730019e6e8: 8904 24e8 | f07c 3d07 | e9ea fdff | ff48 83f8 | 000f 8407 | feff ff48 

  0x000002730019e700: ;   {runtime_call g1_post_barrier_slow}
  0x000002730019e700: 891c 24e8 | 5880 3d07 | e9f9 fdff 

  0x000002730019e70c: ;   {runtime_call throw_null_pointer_exception Runtime1 stub}
  0x000002730019e70c: ffe8 cee5 

  0x000002730019e710: ; ImmutableOopMap {rax=Oop rdx=Oop r8=Oop [64]=Oop [72]=Oop }
                      ;*invokevirtual addMesh {reexecute=0 rethrow=0 return_oop=0}
                      ; - Catan::InstantiateBuildingMeshes@105 (line 131)
                      ;   {metadata({method} {0x0000027359411a28} 'addMesh' '(LRenderingStuff/Mesh;)V' in 'RenderingStuff/CatanWindow')}
  0x000002730019e710: 3c07 49ba | 201a 4159 | 7302 0000 | 4c89 5424 | 0848 c704 | 24ff ffff 

  0x000002730019e728: ;   {runtime_call counter_overflow Runtime1 stub}
  0x000002730019e728: ffe8 b275 

  0x000002730019e72c: ; ImmutableOopMap {rax=Oop rdx=Oop r8=Oop [64]=Oop [72]=Oop }
                      ;*synchronization entry
                      ; - RenderingStuff.CatanWindow::addMesh@-1 (line 174)
                      ; - Catan::InstantiateBuildingMeshes@105 (line 131)
  0x000002730019e72c: 3d07 e930 

  0x000002730019e730: ;   {runtime_call throw_null_pointer_exception Runtime1 stub}
  0x000002730019e730: feff ffe8 

  0x000002730019e734: ; ImmutableOopMap {rax=Oop rdx=Oop rsi=Oop [64]=Oop [72]=Oop }
                      ;*invokeinterface add {reexecute=0 rethrow=0 return_oop=0}
                      ; - RenderingStuff.CatanWindow::addMesh@5 (line 174)
                      ; - Catan::InstantiateBuildingMeshes@105 (line 131)
  0x000002730019e734: a8e5 3c07 

  0x000002730019e738: ;   {metadata({method} {0x00000273594096d0} 'InstantiateBuildingMeshes' '()V' in 'Catan')}
  0x000002730019e738: 49ba c896 | 4059 7302 | 0000 4c89 | 5424 0848 | c704 246c 

  0x000002730019e74c: ;   {runtime_call counter_overflow Runtime1 stub}
  0x000002730019e74c: 0000 00e8 

  0x000002730019e750: ; ImmutableOopMap {[64]=Oop }
                      ;*goto {reexecute=1 rethrow=0 return_oop=0}
                      ; - (reexecute) Catan::InstantiateBuildingMeshes@108 (line 132)
  0x000002730019e750: 8c75 3d07 | e9f2 feff 

  0x000002730019e758: ;   {internal_word}
  0x000002730019e758: ff49 ba74 | e619 0073 | 0200 004d | 8997 6004 

  0x000002730019e768: ;   {runtime_call SafepointBlob}
  0x000002730019e768: 0000 e971 | 8030 0749 | 8b87 0005 | 0000 49c7 | 8700 0500 | 0000 0000 | 0049 c787 | 0805 0000 
  0x000002730019e788: 0000 0000 | 4883 c460 

  0x000002730019e790: ;   {runtime_call unwind_exception Runtime1 stub}
  0x000002730019e790: 5de9 4ad6 | 3c07 f4f4 
[Stub Code]
  0x000002730019e798: ;   {no_reloc}
  0x000002730019e798: 0f1f 4400 

  0x000002730019e79c: ;   {static_stub}
  0x000002730019e79c: 0048 bb00 | 0000 0000 

  0x000002730019e7a4: ;   {runtime_call nmethod}
  0x000002730019e7a4: 0000 00e9 | fbff ffff 

  0x000002730019e7ac: ;   {static_stub}
  0x000002730019e7ac: 9048 bb00 | 0000 0000 

  0x000002730019e7b4: ;   {runtime_call nmethod}
  0x000002730019e7b4: 0000 00e9 | fbff ffff 

  0x000002730019e7bc: ;   {static_stub}
  0x000002730019e7bc: 9048 bb30 | 7f40 5973 

  0x000002730019e7c4: ;   {runtime_call I2C/C2I adapters}
  0x000002730019e7c4: 0200 00e9 | f5d2 5207 

  0x000002730019e7cc: ;   {static_stub}
  0x000002730019e7cc: 9048 bb00 | 0000 0000 

  0x000002730019e7d4: ;   {runtime_call nmethod}
  0x000002730019e7d4: 0000 00e9 | fbff ffff 

  0x000002730019e7dc: ;   {static_stub}
  0x000002730019e7dc: 48bb a8c0 | 7b59 7302 

  0x000002730019e7e4: ;   {runtime_call I2C/C2I adapters}
  0x000002730019e7e4: 0000 e94b 

  0x000002730019e7e8: ;   {runtime_call handle_exception_from_callee Runtime1 stub}
  0x000002730019e7e8: 6430 07e8 | f01c 3d07 

  0x000002730019e7f0: ;   {external_word}
  0x000002730019e7f0: 48b9 30e5 | 26be f87f | 0000 4883 

  0x000002730019e7fc: ;   {runtime_call}
  0x000002730019e7fc: e4f0 48b8 | 504d edbd | f87f 0000 

  0x000002730019e808: ;   {section_word}
  0x000002730019e808: ffd0 f449 | ba0b e819 | 0073 0200 

  0x000002730019e814: ;   {runtime_call DeoptimizationBlob}
  0x000002730019e814: 0041 52e9 | e493 3007 | f4f4 f4f4 
[/MachCode]


---------------  P R O C E S S  ---------------

Threads class SMR info:
_java_thread_list=0x000002736d84be30, length=12, elements={
0x00000273772c4360, 0x000002731736a9a0, 0x000002731736c770, 0x000002731736fdd0,
0x0000027317370ad0, 0x00000273173772a0, 0x0000027317375ef0, 0x000002731738b0a0,
0x000002731738fcb0, 0x0000027317374b40, 0x0000027317376580, 0x0000027317375860
}

Java Threads: ( => current thread )
=>0x00000273772c4360 JavaThread "main"                              [_thread_in_native, id=9584, stack(0x000000c13b900000,0x000000c13ba00000) (1024K)]
  0x000002731736a9a0 JavaThread "Reference Handler"          daemon [_thread_blocked, id=18440, stack(0x000000c13c100000,0x000000c13c200000) (1024K)]
  0x000002731736c770 JavaThread "Finalizer"                  daemon [_thread_blocked, id=24368, stack(0x000000c13c200000,0x000000c13c300000) (1024K)]
  0x000002731736fdd0 JavaThread "Signal Dispatcher"          daemon [_thread_blocked, id=16388, stack(0x000000c13c300000,0x000000c13c400000) (1024K)]
  0x0000027317370ad0 JavaThread "Attach Listener"            daemon [_thread_blocked, id=17952, stack(0x000000c13c400000,0x000000c13c500000) (1024K)]
  0x00000273173772a0 JavaThread "Service Thread"             daemon [_thread_blocked, id=20972, stack(0x000000c13c500000,0x000000c13c600000) (1024K)]
  0x0000027317375ef0 JavaThread "Monitor Deflation Thread"   daemon [_thread_blocked, id=21508, stack(0x000000c13c600000,0x000000c13c700000) (1024K)]
  0x000002731738b0a0 JavaThread "C2 CompilerThread0"         daemon [_thread_blocked, id=18636, stack(0x000000c13c700000,0x000000c13c800000) (1024K)]
  0x000002731738fcb0 JavaThread "C1 CompilerThread0"         daemon [_thread_blocked, id=19636, stack(0x000000c13c800000,0x000000c13c900000) (1024K)]
  0x0000027317374b40 JavaThread "Common-Cleaner"             daemon [_thread_blocked, id=23308, stack(0x000000c13ca00000,0x000000c13cb00000) (1024K)]
  0x0000027317376580 JavaThread "Monitor Ctrl-Break"         daemon [_thread_in_native, id=9320, stack(0x000000c13ce00000,0x000000c13cf00000) (1024K)]
  0x0000027317375860 JavaThread "Notification Thread"        daemon [_thread_blocked, id=8400, stack(0x000000c13cf00000,0x000000c13d000000) (1024K)]
Total: 12

Other Threads:
  0x00000273173540a0 VMThread "VM Thread"                           [id=6660, stack(0x000000c13c000000,0x000000c13c100000) (1024K)]
  0x0000027317344e50 WatcherThread "VM Periodic Task Thread"        [id=8280, stack(0x000000c13bf00000,0x000000c13c000000) (1024K)]
  0x000002737732c3e0 WorkerThread "GC Thread#0"                     [id=16976, stack(0x000000c13ba00000,0x000000c13bb00000) (1024K)]
  0x0000027363b42ce0 WorkerThread "GC Thread#1"                     [id=19856, stack(0x000000c13d700000,0x000000c13d800000) (1024K)]
  0x0000027363a1c340 WorkerThread "GC Thread#2"                     [id=22972, stack(0x000000c13d800000,0x000000c13d900000) (1024K)]
  0x0000027363a7a030 WorkerThread "GC Thread#3"                     [id=19276, stack(0x000000c13d900000,0x000000c13da00000) (1024K)]
  0x0000027363a7a3e0 WorkerThread "GC Thread#4"                     [id=516, stack(0x000000c13da00000,0x000000c13db00000) (1024K)]
  0x00000273638c6780 WorkerThread "GC Thread#5"                     [id=21636, stack(0x000000c13db00000,0x000000c13dc00000) (1024K)]
  0x00000273639e5100 WorkerThread "GC Thread#6"                     [id=18492, stack(0x000000c13dc00000,0x000000c13dd00000) (1024K)]
  0x0000027363a99d90 WorkerThread "GC Thread#7"                     [id=18600, stack(0x000000c13dd00000,0x000000c13de00000) (1024K)]
  0x0000027363a9a140 WorkerThread "GC Thread#8"                     [id=20604, stack(0x000000c13de00000,0x000000c13df00000) (1024K)]
  0x00000273639ca220 WorkerThread "GC Thread#9"                     [id=5124, stack(0x000000c13df00000,0x000000c13e000000) (1024K)]
  0x00000273639ca5d0 WorkerThread "GC Thread#10"                    [id=14564, stack(0x000000c13e000000,0x000000c13e100000) (1024K)]
  0x0000027377341ef0 ConcurrentGCThread "G1 Main Marker"            [id=15160, stack(0x000000c13bb00000,0x000000c13bc00000) (1024K)]
  0x0000027377342bb0 WorkerThread "G1 Conc#0"                       [id=19624, stack(0x000000c13bc00000,0x000000c13bd00000) (1024K)]
  0x0000027317215440 ConcurrentGCThread "G1 Refine#0"               [id=7520, stack(0x000000c13bd00000,0x000000c13be00000) (1024K)]
  0x0000027317215fc0 ConcurrentGCThread "G1 Service"                [id=2980, stack(0x000000c13be00000,0x000000c13bf00000) (1024K)]
Total: 17

Threads with active compile tasks:
Total: 0

VM state: not at safepoint (normal execution)

VM Mutex/Monitor currently owned by a thread: None

Heap address: 0x0000000704400000, size: 4028 MB, Compressed Oops mode: Zero based, Oop shift amount: 3

CDS archive(s) mapped at: [0x0000027318000000-0x0000027318d70000-0x0000027318d70000), size 14090240, SharedBaseAddress: 0x0000027318000000, ArchiveRelocationMode: 1.
Compressed class space mapped at: 0x0000027319000000-0x0000027359000000, reserved size: 1073741824
Narrow klass base: 0x0000027318000000, Narrow klass shift: 0, Narrow klass range: 0x41000000

GC Precious Log:
 CardTable entry size: 512
 Card Set container configuration: InlinePtr #cards 4 size 8 Array Of Cards #cards 16 size 48 Howl #buckets 8 coarsen threshold 3686 Howl Bitmap #cards 512 size 80 coarsen threshold 460 Card regions per heap region 1 cards per card region 4096
 CPUs: 16 total, 16 available
 Memory: 16105M
 Large Page Support: Disabled
 NUMA Support: Disabled
 Compressed Oops: Enabled (Zero based)
 Heap Region Size: 2M
 Heap Min Capacity: 8M
 Heap Initial Capacity: 252M
 Heap Max Capacity: 4028M
 Pre-touch: Disabled
 Parallel Workers: 13
 Concurrent Workers: 3
 Concurrent Refinement Workers: 13
 Periodic GC: Disabled

Heap:
 garbage-first heap   total reserved 4124672K, committed 258048K, used 11855K [0x0000000704400000, 0x0000000800000000)
  region size 2048K, 6 young (12288K), 2 survivors (4096K)
 Metaspace       used 8061K, committed 8320K, reserved 1114112K
  class space    used 462K, committed 576K, reserved 1048576K

Heap Regions: E=young(eden), S=young(survivor), O=old, HS=humongous(starts), HC=humongous(continues), CS=collection set, F=free, TAMS=top-at-mark-start, PB=parsable bottom
|   0|0x0000000704400000, 0x0000000704600000, 0x0000000704600000|100%| O|  |TAMS 0x0000000704400000| PB 0x0000000704400000| Untracked |  0
|   1|0x0000000704600000, 0x0000000704762838, 0x0000000704800000| 69%| O|  |TAMS 0x0000000704600000| PB 0x0000000704600000| Untracked |  0
|   2|0x0000000704800000, 0x0000000704800000, 0x0000000704a00000|  0%| F|  |TAMS 0x0000000704800000| PB 0x0000000704800000| Untracked |  0
|   3|0x0000000704a00000, 0x0000000704a00000, 0x0000000704c00000|  0%| F|  |TAMS 0x0000000704a00000| PB 0x0000000704a00000| Untracked |  0
|   4|0x0000000704c00000, 0x0000000704c00000, 0x0000000704e00000|  0%| F|  |TAMS 0x0000000704c00000| PB 0x0000000704c00000| Untracked |  0
|   5|0x0000000704e00000, 0x0000000704e00000, 0x0000000705000000|  0%| F|  |TAMS 0x0000000704e00000| PB 0x0000000704e00000| Untracked |  0
|   6|0x0000000705000000, 0x0000000705000000, 0x0000000705200000|  0%| F|  |TAMS 0x0000000705000000| PB 0x0000000705000000| Untracked |  0
|   7|0x0000000705200000, 0x0000000705200000, 0x0000000705400000|  0%| F|  |TAMS 0x0000000705200000| PB 0x0000000705200000| Untracked |  0
|   8|0x0000000705400000, 0x0000000705400000, 0x0000000705600000|  0%| F|  |TAMS 0x0000000705400000| PB 0x0000000705400000| Untracked |  0
|   9|0x0000000705600000, 0x0000000705600000, 0x0000000705800000|  0%| F|  |TAMS 0x0000000705600000| PB 0x0000000705600000| Untracked |  0
|  10|0x0000000705800000, 0x0000000705800000, 0x0000000705a00000|  0%| F|  |TAMS 0x0000000705800000| PB 0x0000000705800000| Untracked |  0
|  11|0x0000000705a00000, 0x0000000705a00000, 0x0000000705c00000|  0%| F|  |TAMS 0x0000000705a00000| PB 0x0000000705a00000| Untracked |  0
|  12|0x0000000705c00000, 0x0000000705c00000, 0x0000000705e00000|  0%| F|  |TAMS 0x0000000705c00000| PB 0x0000000705c00000| Untracked |  0
|  13|0x0000000705e00000, 0x0000000705e00000, 0x0000000706000000|  0%| F|  |TAMS 0x0000000705e00000| PB 0x0000000705e00000| Untracked |  0
|  14|0x0000000706000000, 0x0000000706000000, 0x0000000706200000|  0%| F|  |TAMS 0x0000000706000000| PB 0x0000000706000000| Untracked |  0
|  15|0x0000000706200000, 0x0000000706200000, 0x0000000706400000|  0%| F|  |TAMS 0x0000000706200000| PB 0x0000000706200000| Untracked |  0
|  16|0x0000000706400000, 0x0000000706400000, 0x0000000706600000|  0%| F|  |TAMS 0x0000000706400000| PB 0x0000000706400000| Untracked |  0
|  17|0x0000000706600000, 0x0000000706600000, 0x0000000706800000|  0%| F|  |TAMS 0x0000000706600000| PB 0x0000000706600000| Untracked |  0
|  18|0x0000000706800000, 0x0000000706800000, 0x0000000706a00000|  0%| F|  |TAMS 0x0000000706800000| PB 0x0000000706800000| Untracked |  0
|  19|0x0000000706a00000, 0x0000000706a00000, 0x0000000706c00000|  0%| F|  |TAMS 0x0000000706a00000| PB 0x0000000706a00000| Untracked |  0
|  20|0x0000000706c00000, 0x0000000706c00000, 0x0000000706e00000|  0%| F|  |TAMS 0x0000000706c00000| PB 0x0000000706c00000| Untracked |  0
|  21|0x0000000706e00000, 0x0000000706e00000, 0x0000000707000000|  0%| F|  |TAMS 0x0000000706e00000| PB 0x0000000706e00000| Untracked |  0
|  22|0x0000000707000000, 0x0000000707000000, 0x0000000707200000|  0%| F|  |TAMS 0x0000000707000000| PB 0x0000000707000000| Untracked |  0
|  23|0x0000000707200000, 0x0000000707200000, 0x0000000707400000|  0%| F|  |TAMS 0x0000000707200000| PB 0x0000000707200000| Untracked |  0
|  24|0x0000000707400000, 0x0000000707400000, 0x0000000707600000|  0%| F|  |TAMS 0x0000000707400000| PB 0x0000000707400000| Untracked |  0
|  25|0x0000000707600000, 0x0000000707600000, 0x0000000707800000|  0%| F|  |TAMS 0x0000000707600000| PB 0x0000000707600000| Untracked |  0
|  26|0x0000000707800000, 0x0000000707800000, 0x0000000707a00000|  0%| F|  |TAMS 0x0000000707800000| PB 0x0000000707800000| Untracked |  0
|  27|0x0000000707a00000, 0x0000000707a00000, 0x0000000707c00000|  0%| F|  |TAMS 0x0000000707a00000| PB 0x0000000707a00000| Untracked |  0
|  28|0x0000000707c00000, 0x0000000707c00000, 0x0000000707e00000|  0%| F|  |TAMS 0x0000000707c00000| PB 0x0000000707c00000| Untracked |  0
|  29|0x0000000707e00000, 0x0000000707e00000, 0x0000000708000000|  0%| F|  |TAMS 0x0000000707e00000| PB 0x0000000707e00000| Untracked |  0
|  30|0x0000000708000000, 0x0000000708000000, 0x0000000708200000|  0%| F|  |TAMS 0x0000000708000000| PB 0x0000000708000000| Untracked |  0
|  31|0x0000000708200000, 0x0000000708200000, 0x0000000708400000|  0%| F|  |TAMS 0x0000000708200000| PB 0x0000000708200000| Untracked |  0
|  32|0x0000000708400000, 0x0000000708400000, 0x0000000708600000|  0%| F|  |TAMS 0x0000000708400000| PB 0x0000000708400000| Untracked |  0
|  33|0x0000000708600000, 0x0000000708600000, 0x0000000708800000|  0%| F|  |TAMS 0x0000000708600000| PB 0x0000000708600000| Untracked |  0
|  34|0x0000000708800000, 0x0000000708800000, 0x0000000708a00000|  0%| F|  |TAMS 0x0000000708800000| PB 0x0000000708800000| Untracked |  0
|  35|0x0000000708a00000, 0x0000000708a00000, 0x0000000708c00000|  0%| F|  |TAMS 0x0000000708a00000| PB 0x0000000708a00000| Untracked |  0
|  36|0x0000000708c00000, 0x0000000708c00000, 0x0000000708e00000|  0%| F|  |TAMS 0x0000000708c00000| PB 0x0000000708c00000| Untracked |  0
|  37|0x0000000708e00000, 0x0000000708e00000, 0x0000000709000000|  0%| F|  |TAMS 0x0000000708e00000| PB 0x0000000708e00000| Untracked |  0
|  38|0x0000000709000000, 0x0000000709000000, 0x0000000709200000|  0%| F|  |TAMS 0x0000000709000000| PB 0x0000000709000000| Untracked |  0
|  39|0x0000000709200000, 0x0000000709200000, 0x0000000709400000|  0%| F|  |TAMS 0x0000000709200000| PB 0x0000000709200000| Untracked |  0
|  40|0x0000000709400000, 0x0000000709400000, 0x0000000709600000|  0%| F|  |TAMS 0x0000000709400000| PB 0x0000000709400000| Untracked |  0
|  41|0x0000000709600000, 0x0000000709600000, 0x0000000709800000|  0%| F|  |TAMS 0x0000000709600000| PB 0x0000000709600000| Untracked |  0
|  42|0x0000000709800000, 0x0000000709800000, 0x0000000709a00000|  0%| F|  |TAMS 0x0000000709800000| PB 0x0000000709800000| Untracked |  0
|  43|0x0000000709a00000, 0x0000000709a00000, 0x0000000709c00000|  0%| F|  |TAMS 0x0000000709a00000| PB 0x0000000709a00000| Untracked |  0
|  44|0x0000000709c00000, 0x0000000709c00000, 0x0000000709e00000|  0%| F|  |TAMS 0x0000000709c00000| PB 0x0000000709c00000| Untracked |  0
|  45|0x0000000709e00000, 0x0000000709e00000, 0x000000070a000000|  0%| F|  |TAMS 0x0000000709e00000| PB 0x0000000709e00000| Untracked |  0
|  46|0x000000070a000000, 0x000000070a000000, 0x000000070a200000|  0%| F|  |TAMS 0x000000070a000000| PB 0x000000070a000000| Untracked |  0
|  47|0x000000070a200000, 0x000000070a200000, 0x000000070a400000|  0%| F|  |TAMS 0x000000070a200000| PB 0x000000070a200000| Untracked |  0
|  48|0x000000070a400000, 0x000000070a400000, 0x000000070a600000|  0%| F|  |TAMS 0x000000070a400000| PB 0x000000070a400000| Untracked |  0
|  49|0x000000070a600000, 0x000000070a600000, 0x000000070a800000|  0%| F|  |TAMS 0x000000070a600000| PB 0x000000070a600000| Untracked |  0
|  50|0x000000070a800000, 0x000000070a800000, 0x000000070aa00000|  0%| F|  |TAMS 0x000000070a800000| PB 0x000000070a800000| Untracked |  0
|  51|0x000000070aa00000, 0x000000070aa00000, 0x000000070ac00000|  0%| F|  |TAMS 0x000000070aa00000| PB 0x000000070aa00000| Untracked |  0
|  52|0x000000070ac00000, 0x000000070ac00000, 0x000000070ae00000|  0%| F|  |TAMS 0x000000070ac00000| PB 0x000000070ac00000| Untracked |  0
|  53|0x000000070ae00000, 0x000000070ae00000, 0x000000070b000000|  0%| F|  |TAMS 0x000000070ae00000| PB 0x000000070ae00000| Untracked |  0
|  54|0x000000070b000000, 0x000000070b000000, 0x000000070b200000|  0%| F|  |TAMS 0x000000070b000000| PB 0x000000070b000000| Untracked |  0
|  55|0x000000070b200000, 0x000000070b200000, 0x000000070b400000|  0%| F|  |TAMS 0x000000070b200000| PB 0x000000070b200000| Untracked |  0
|  56|0x000000070b400000, 0x000000070b400000, 0x000000070b600000|  0%| F|  |TAMS 0x000000070b400000| PB 0x000000070b400000| Untracked |  0
|  57|0x000000070b600000, 0x000000070b600000, 0x000000070b800000|  0%| F|  |TAMS 0x000000070b600000| PB 0x000000070b600000| Untracked |  0
|  58|0x000000070b800000, 0x000000070b800000, 0x000000070ba00000|  0%| F|  |TAMS 0x000000070b800000| PB 0x000000070b800000| Untracked |  0
|  59|0x000000070ba00000, 0x000000070ba00000, 0x000000070bc00000|  0%| F|  |TAMS 0x000000070ba00000| PB 0x000000070ba00000| Untracked |  0
|  60|0x000000070bc00000, 0x000000070bc00000, 0x000000070be00000|  0%| F|  |TAMS 0x000000070bc00000| PB 0x000000070bc00000| Untracked |  0
|  61|0x000000070be00000, 0x000000070be00000, 0x000000070c000000|  0%| F|  |TAMS 0x000000070be00000| PB 0x000000070be00000| Untracked |  0
|  62|0x000000070c000000, 0x000000070c000000, 0x000000070c200000|  0%| F|  |TAMS 0x000000070c000000| PB 0x000000070c000000| Untracked |  0
|  63|0x000000070c200000, 0x000000070c200000, 0x000000070c400000|  0%| F|  |TAMS 0x000000070c200000| PB 0x000000070c200000| Untracked |  0
|  64|0x000000070c400000, 0x000000070c400000, 0x000000070c600000|  0%| F|  |TAMS 0x000000070c400000| PB 0x000000070c400000| Untracked |  0
|  65|0x000000070c600000, 0x000000070c600000, 0x000000070c800000|  0%| F|  |TAMS 0x000000070c600000| PB 0x000000070c600000| Untracked |  0
|  66|0x000000070c800000, 0x000000070c800000, 0x000000070ca00000|  0%| F|  |TAMS 0x000000070c800000| PB 0x000000070c800000| Untracked |  0
|  67|0x000000070ca00000, 0x000000070ca00000, 0x000000070cc00000|  0%| F|  |TAMS 0x000000070ca00000| PB 0x000000070ca00000| Untracked |  0
|  68|0x000000070cc00000, 0x000000070cc00000, 0x000000070ce00000|  0%| F|  |TAMS 0x000000070cc00000| PB 0x000000070cc00000| Untracked |  0
|  69|0x000000070ce00000, 0x000000070ce00000, 0x000000070d000000|  0%| F|  |TAMS 0x000000070ce00000| PB 0x000000070ce00000| Untracked |  0
|  70|0x000000070d000000, 0x000000070d000000, 0x000000070d200000|  0%| F|  |TAMS 0x000000070d000000| PB 0x000000070d000000| Untracked |  0
|  71|0x000000070d200000, 0x000000070d200000, 0x000000070d400000|  0%| F|  |TAMS 0x000000070d200000| PB 0x000000070d200000| Untracked |  0
|  72|0x000000070d400000, 0x000000070d400000, 0x000000070d600000|  0%| F|  |TAMS 0x000000070d400000| PB 0x000000070d400000| Untracked |  0
|  73|0x000000070d600000, 0x000000070d600000, 0x000000070d800000|  0%| F|  |TAMS 0x000000070d600000| PB 0x000000070d600000| Untracked |  0
|  74|0x000000070d800000, 0x000000070d800000, 0x000000070da00000|  0%| F|  |TAMS 0x000000070d800000| PB 0x000000070d800000| Untracked |  0
|  75|0x000000070da00000, 0x000000070da00000, 0x000000070dc00000|  0%| F|  |TAMS 0x000000070da00000| PB 0x000000070da00000| Untracked |  0
|  76|0x000000070dc00000, 0x000000070dc00000, 0x000000070de00000|  0%| F|  |TAMS 0x000000070dc00000| PB 0x000000070dc00000| Untracked |  0
|  77|0x000000070de00000, 0x000000070de00000, 0x000000070e000000|  0%| F|  |TAMS 0x000000070de00000| PB 0x000000070de00000| Untracked |  0
|  78|0x000000070e000000, 0x000000070e000000, 0x000000070e200000|  0%| F|  |TAMS 0x000000070e000000| PB 0x000000070e000000| Untracked |  0
|  79|0x000000070e200000, 0x000000070e200000, 0x000000070e400000|  0%| F|  |TAMS 0x000000070e200000| PB 0x000000070e200000| Untracked |  0
|  80|0x000000070e400000, 0x000000070e400000, 0x000000070e600000|  0%| F|  |TAMS 0x000000070e400000| PB 0x000000070e400000| Untracked |  0
|  81|0x000000070e600000, 0x000000070e600000, 0x000000070e800000|  0%| F|  |TAMS 0x000000070e600000| PB 0x000000070e600000| Untracked |  0
|  82|0x000000070e800000, 0x000000070e800000, 0x000000070ea00000|  0%| F|  |TAMS 0x000000070e800000| PB 0x000000070e800000| Untracked |  0
|  83|0x000000070ea00000, 0x000000070ea00000, 0x000000070ec00000|  0%| F|  |TAMS 0x000000070ea00000| PB 0x000000070ea00000| Untracked |  0
|  84|0x000000070ec00000, 0x000000070ec00000, 0x000000070ee00000|  0%| F|  |TAMS 0x000000070ec00000| PB 0x000000070ec00000| Untracked |  0
|  85|0x000000070ee00000, 0x000000070ee00000, 0x000000070f000000|  0%| F|  |TAMS 0x000000070ee00000| PB 0x000000070ee00000| Untracked |  0
|  86|0x000000070f000000, 0x000000070f000000, 0x000000070f200000|  0%| F|  |TAMS 0x000000070f000000| PB 0x000000070f000000| Untracked |  0
|  87|0x000000070f200000, 0x000000070f200000, 0x000000070f400000|  0%| F|  |TAMS 0x000000070f200000| PB 0x000000070f200000| Untracked |  0
|  88|0x000000070f400000, 0x000000070f400000, 0x000000070f600000|  0%| F|  |TAMS 0x000000070f400000| PB 0x000000070f400000| Untracked |  0
|  89|0x000000070f600000, 0x000000070f600000, 0x000000070f800000|  0%| F|  |TAMS 0x000000070f600000| PB 0x000000070f600000| Untracked |  0
|  90|0x000000070f800000, 0x000000070f800000, 0x000000070fa00000|  0%| F|  |TAMS 0x000000070f800000| PB 0x000000070f800000| Untracked |  0
|  91|0x000000070fa00000, 0x000000070fa00000, 0x000000070fc00000|  0%| F|  |TAMS 0x000000070fa00000| PB 0x000000070fa00000| Untracked |  0
|  92|0x000000070fc00000, 0x000000070fc00000, 0x000000070fe00000|  0%| F|  |TAMS 0x000000070fc00000| PB 0x000000070fc00000| Untracked |  0
|  93|0x000000070fe00000, 0x000000070fe00000, 0x0000000710000000|  0%| F|  |TAMS 0x000000070fe00000| PB 0x000000070fe00000| Untracked |  0
|  94|0x0000000710000000, 0x0000000710000000, 0x0000000710200000|  0%| F|  |TAMS 0x0000000710000000| PB 0x0000000710000000| Untracked |  0
|  95|0x0000000710200000, 0x0000000710200000, 0x0000000710400000|  0%| F|  |TAMS 0x0000000710200000| PB 0x0000000710200000| Untracked |  0
|  96|0x0000000710400000, 0x0000000710400000, 0x0000000710600000|  0%| F|  |TAMS 0x0000000710400000| PB 0x0000000710400000| Untracked |  0
|  97|0x0000000710600000, 0x0000000710600000, 0x0000000710800000|  0%| F|  |TAMS 0x0000000710600000| PB 0x0000000710600000| Untracked |  0
|  98|0x0000000710800000, 0x0000000710800000, 0x0000000710a00000|  0%| F|  |TAMS 0x0000000710800000| PB 0x0000000710800000| Untracked |  0
|  99|0x0000000710a00000, 0x0000000710a00000, 0x0000000710c00000|  0%| F|  |TAMS 0x0000000710a00000| PB 0x0000000710a00000| Untracked |  0
| 100|0x0000000710c00000, 0x0000000710c00000, 0x0000000710e00000|  0%| F|  |TAMS 0x0000000710c00000| PB 0x0000000710c00000| Untracked |  0
| 101|0x0000000710e00000, 0x0000000710e00000, 0x0000000711000000|  0%| F|  |TAMS 0x0000000710e00000| PB 0x0000000710e00000| Untracked |  0
| 102|0x0000000711000000, 0x0000000711000000, 0x0000000711200000|  0%| F|  |TAMS 0x0000000711000000| PB 0x0000000711000000| Untracked |  0
| 103|0x0000000711200000, 0x0000000711200000, 0x0000000711400000|  0%| F|  |TAMS 0x0000000711200000| PB 0x0000000711200000| Untracked |  0
| 104|0x0000000711400000, 0x0000000711400000, 0x0000000711600000|  0%| F|  |TAMS 0x0000000711400000| PB 0x0000000711400000| Untracked |  0
| 105|0x0000000711600000, 0x0000000711600000, 0x0000000711800000|  0%| F|  |TAMS 0x0000000711600000| PB 0x0000000711600000| Untracked |  0
| 106|0x0000000711800000, 0x0000000711800000, 0x0000000711a00000|  0%| F|  |TAMS 0x0000000711800000| PB 0x0000000711800000| Untracked |  0
| 107|0x0000000711a00000, 0x0000000711a00000, 0x0000000711c00000|  0%| F|  |TAMS 0x0000000711a00000| PB 0x0000000711a00000| Untracked |  0
| 108|0x0000000711c00000, 0x0000000711c00000, 0x0000000711e00000|  0%| F|  |TAMS 0x0000000711c00000| PB 0x0000000711c00000| Untracked |  0
| 109|0x0000000711e00000, 0x0000000711e00000, 0x0000000712000000|  0%| F|  |TAMS 0x0000000711e00000| PB 0x0000000711e00000| Untracked |  0
| 110|0x0000000712000000, 0x0000000712000000, 0x0000000712200000|  0%| F|  |TAMS 0x0000000712000000| PB 0x0000000712000000| Untracked |  0
| 111|0x0000000712200000, 0x0000000712231410, 0x0000000712400000|  9%| S|CS|TAMS 0x0000000712200000| PB 0x0000000712200000| Complete |  0
| 112|0x0000000712400000, 0x0000000712400000, 0x0000000712600000|  0%| F|  |TAMS 0x0000000712400000| PB 0x0000000712400000| Untracked |  0
| 113|0x0000000712600000, 0x0000000712600000, 0x0000000712800000|  0%| F|  |TAMS 0x0000000712600000| PB 0x0000000712600000| Untracked |  0
| 114|0x0000000712800000, 0x0000000712a00000, 0x0000000712a00000|100%| S|CS|TAMS 0x0000000712800000| PB 0x0000000712800000| Complete |  0
| 115|0x0000000712a00000, 0x0000000712a00000, 0x0000000712c00000|  0%| F|  |TAMS 0x0000000712a00000| PB 0x0000000712a00000| Untracked |  0
| 116|0x0000000712c00000, 0x0000000712c00000, 0x0000000712e00000|  0%| F|  |TAMS 0x0000000712c00000| PB 0x0000000712c00000| Untracked |  0
| 117|0x0000000712e00000, 0x0000000712e00000, 0x0000000713000000|  0%| F|  |TAMS 0x0000000712e00000| PB 0x0000000712e00000| Untracked |  0
| 118|0x0000000713000000, 0x0000000713000000, 0x0000000713200000|  0%| F|  |TAMS 0x0000000713000000| PB 0x0000000713000000| Untracked |  0
| 119|0x0000000713200000, 0x0000000713200000, 0x0000000713400000|  0%| F|  |TAMS 0x0000000713200000| PB 0x0000000713200000| Untracked |  0
| 120|0x0000000713400000, 0x0000000713400000, 0x0000000713600000|  0%| F|  |TAMS 0x0000000713400000| PB 0x0000000713400000| Untracked |  0
| 121|0x0000000713600000, 0x0000000713600000, 0x0000000713800000|  0%| F|  |TAMS 0x0000000713600000| PB 0x0000000713600000| Untracked |  0
| 122|0x0000000713800000, 0x00000007139a5d98, 0x0000000713a00000| 82%| E|  |TAMS 0x0000000713800000| PB 0x0000000713800000| Complete |  0
| 123|0x0000000713a00000, 0x0000000713c00000, 0x0000000713c00000|100%| E|CS|TAMS 0x0000000713a00000| PB 0x0000000713a00000| Complete |  0
| 124|0x0000000713c00000, 0x0000000713e00000, 0x0000000713e00000|100%| E|CS|TAMS 0x0000000713c00000| PB 0x0000000713c00000| Complete |  0
| 125|0x0000000713e00000, 0x0000000714000000, 0x0000000714000000|100%| E|CS|TAMS 0x0000000713e00000| PB 0x0000000713e00000| Complete |  0

Card table byte_map: [0x000002730fc20000,0x0000027310400000] _byte_map_base: 0x000002730c3fe000

Marking Bits: (CMBitMap*) 0x000002737732caf0
 Bits: [0x0000027310400000, 0x00000273142f0000)

Polling page: 0x0000027375130000

Metaspace:

Usage:
  Non-class:      7.42 MB used.
      Class:    462.14 KB used.
       Both:      7.87 MB used.

Virtual space:
  Non-class space:       64.00 MB reserved,       7.56 MB ( 12%) committed,  1 nodes.
      Class space:        1.00 GB reserved,     576.00 KB ( <1%) committed,  1 nodes.
             Both:        1.06 GB reserved,       8.12 MB ( <1%) committed. 

Chunk freelists:
   Non-Class:  7.44 MB
       Class:  15.47 MB
        Both:  22.91 MB

MaxMetaspaceSize: unlimited
CompressedClassSpaceSize: 1.00 GB
Initial GC threshold: 21.00 MB
Current GC threshold: 21.00 MB
CDS: on
 - commit_granule_bytes: 65536.
 - commit_granule_words: 8192.
 - virtual_space_node_default_size: 8388608.
 - enlarge_chunks_in_place: 1.
 - use_allocation_guard: 0.


Internal statistics:

num_allocs_failed_limit: 0.
num_arena_births: 210.
num_arena_deaths: 0.
num_vsnodes_births: 2.
num_vsnodes_deaths: 0.
num_space_committed: 129.
num_space_uncommitted: 0.
num_chunks_returned_to_freelist: 0.
num_chunks_taken_from_freelist: 442.
num_chunk_merges: 0.
num_chunk_splits: 282.
num_chunks_enlarged: 176.
num_inconsistent_stats: 0.

CodeHeap 'non-profiled nmethods': size=119232Kb used=443Kb max_used=443Kb free=118788Kb
 bounds [0x0000027307b90000, 0x0000027307e00000, 0x000002730f000000]
CodeHeap 'profiled nmethods': size=119104Kb used=1758Kb max_used=1758Kb free=117345Kb
 bounds [0x0000027300000000, 0x0000027300270000, 0x0000027307450000]
CodeHeap 'non-nmethods': size=7424Kb used=2567Kb max_used=4257Kb free=4856Kb
 bounds [0x0000027307450000, 0x0000027307910000, 0x0000027307b90000]
CodeCache: size=245760Kb, used=4768Kb, max_used=6458Kb, free=240989Kb
 total_blobs=2804, nmethods=1556, adapters=1154, full_count=0
Compilation: enabled, stopped_count=0, restarted_count=0

Compilation events (20 events):
Event: 10.444 Thread 0x000002731738fcb0 1548       3       org.lwjgl.glfw.GLFWCursorPosCallbackI::callback (40 bytes)
Event: 10.444 Thread 0x000002731738fcb0 nmethod 1548 0x00000273001b3988 code [0x00000273001b3b80, 0x00000273001b47f0]
Event: 10.444 Thread 0x000002731738fcb0 1549       3       RenderingStuff.Camera$$Lambda/0x0000027319030000::invoke (12 bytes)
Event: 10.444 Thread 0x000002731738fcb0 nmethod 1549 0x00000273001b4888 code [0x00000273001b49a0, 0x00000273001b4ae8]
Event: 10.444 Thread 0x000002731738fcb0 1550       3       RenderingStuff.Camera::lambda$createCallBacks$0 (197 bytes)
Event: 10.445 Thread 0x000002731738fcb0 nmethod 1550 0x00000273001b4b88 code [0x00000273001b4d40, 0x00000273001b5500]
Event: 10.628 Thread 0x000002731738fcb0 1551       3       java.lang.invoke.DirectMethodHandle$Holder::invokeStatic (17 bytes)
Event: 10.628 Thread 0x000002731738fcb0 nmethod 1551 0x00000273001b5588 code [0x00000273001b56c0, 0x00000273001b5a90]
Event: 10.628 Thread 0x000002731738fcb0 1552       3       java.lang.StringConcatHelper::mix (11 bytes)
Event: 10.628 Thread 0x000002731738fcb0 nmethod 1552 0x00000273001b5b08 code [0x00000273001b5c40, 0x00000273001b5ea8]
Event: 10.628 Thread 0x000002731738fcb0 1553       3       java.lang.StringConcatHelper::prepend (30 bytes)
Event: 10.628 Thread 0x000002731738fcb0 nmethod 1553 0x00000273001b5f08 code [0x00000273001b6040, 0x00000273001b6218]
Event: 10.661 Thread 0x000002731738fcb0 1554       3       java.lang.invoke.LambdaForm$MH/0x0000027319035400::invoke (32 bytes)
Event: 10.662 Thread 0x000002731738fcb0 nmethod 1554 0x00000273001b6288 code [0x00000273001b63c0, 0x00000273001b6850]
Event: 10.662 Thread 0x000002731738fcb0 1555       3       java.lang.invoke.DirectMethodHandle$Holder::invokeStatic (21 bytes)
Event: 10.662 Thread 0x000002731738fcb0 nmethod 1555 0x00000273001b6888 code [0x00000273001b69c0, 0x00000273001b6e88]
Event: 10.662 Thread 0x000002731738fcb0 1556       3       java.lang.StringConcatHelper::prepend (17 bytes)
Event: 10.662 Thread 0x000002731738fcb0 nmethod 1556 0x00000273001b6f08 code [0x00000273001b7060, 0x00000273001b72b8]
Event: 10.671 Thread 0x000002731738fcb0 1557   !   3       java.io.PrintStream::println (44 bytes)
Event: 10.672 Thread 0x000002731738fcb0 nmethod 1557 0x00000273001b7308 code [0x00000273001b74a0, 0x00000273001b7b08]

GC Heap History (4 events):
Event: 1.075 GC heap before
{Heap before GC invocations=0 (full 0):
 garbage-first heap   total reserved 4124672K, committed 258048K, used 24576K [0x0000000704400000, 0x0000000800000000)
  region size 2048K, 12 young (24576K), 0 survivors (0K)
 Metaspace       used 7608K, committed 7872K, reserved 1114112K
  class space    used 455K, committed 576K, reserved 1048576K
}
Event: 1.078 GC heap after
{Heap after GC invocations=1 (full 0):
 garbage-first heap   total reserved 4124672K, committed 258048K, used 3723K [0x0000000704400000, 0x0000000800000000)
  region size 2048K, 2 young (4096K), 2 survivors (4096K)
 Metaspace       used 7608K, committed 7872K, reserved 1114112K
  class space    used 455K, committed 576K, reserved 1048576K
}
Event: 1.356 GC heap before
{Heap before GC invocations=1 (full 0):
 garbage-first heap   total reserved 4124672K, committed 258048K, used 26251K [0x0000000704400000, 0x0000000800000000)
  region size 2048K, 13 young (26624K), 2 survivors (4096K)
 Metaspace       used 7631K, committed 7936K, reserved 1114112K
  class space    used 455K, committed 576K, reserved 1048576K
}
Event: 1.358 GC heap after
{Heap after GC invocations=2 (full 0):
 garbage-first heap   total reserved 4124672K, committed 258048K, used 5711K [0x0000000704400000, 0x0000000800000000)
  region size 2048K, 2 young (4096K), 2 survivors (4096K)
 Metaspace       used 7631K, committed 7936K, reserved 1114112K
  class space    used 455K, committed 576K, reserved 1048576K
}

Dll operation events (15 events):
Event: 0.020 Loaded shared library D:\javajdk\bin\java.dll
Event: 0.048 Loaded shared library D:\javajdk\bin\jsvml.dll
Event: 0.075 Loaded shared library D:\javajdk\bin\zip.dll
Event: 0.078 Loaded shared library D:\javajdk\bin\instrument.dll
Event: 0.082 Loaded shared library D:\javajdk\bin\net.dll
Event: 0.085 Loaded shared library D:\javajdk\bin\nio.dll
Event: 0.088 Loaded shared library D:\javajdk\bin\zip.dll
Event: 0.110 Loaded shared library C:\Program Files (x86)\JetBrains\IntelliJ IDEA Community Edition 2022.3.2\bin\breakgen64.dll
Event: 0.115 Loaded shared library D:\javajdk\bin\extnet.dll
Event: 0.146 Loaded shared library D:\javajdk\bin\verify.dll
Event: 0.197 Loaded shared library D:\javajdk\bin\jimage.dll
Event: 0.214 Loaded shared library C:\Users\s887706\AppData\Local\Temp\lwjgl_s887706\3.3.6+1\x64\lwjgl.dll
Event: 0.611 Loaded shared library C:\Users\s887706\AppData\Local\Temp\lwjgl_s887706\3.3.6+1\x64\lwjgl_opengl.dll
Event: 0.870 Loaded shared library D:\javajdk\bin\awt.dll
Event: 0.965 Loaded shared library C:\Users\s887706\AppData\Local\Temp\lwjgl_s887706\3.3.6+1\x64\lwjgl_stb.dll

Deoptimization events (20 events):
Event: 1.538 Thread 0x00000273173751d0 DEOPT PACKING pc=0x0000027300187bf5 sp=0x000000c13ccfefb0
Event: 1.538 Thread 0x00000273173751d0 DEOPT UNPACKING pc=0x00000273074a84c2 sp=0x000000c13ccfe490 mode 0
Event: 1.539 Thread 0x00000273772c4360 Uncommon trap: trap_request=0xffffff54 fr.pc=0x0000027307bd9160 relative=0x0000000000000060
Event: 1.539 Thread 0x00000273772c4360 Uncommon trap: reason=speculate_null_assert action=make_not_entrant pc=0x0000027307bd9160 method=sun.misc.Unsafe.putLong(Ljava/lang/Object;JJ)V @ 10 c2
Event: 1.539 Thread 0x00000273772c4360 DEOPT PACKING pc=0x0000027307bd9160 sp=0x000000c13b9ff150
Event: 1.539 Thread 0x00000273772c4360 DEOPT UNPACKING pc=0x00000273074a7982 sp=0x000000c13b9ff0c8 mode 2
Event: 8.275 Thread 0x00000273173751d0 Uncommon trap: trap_request=0xffffff45 fr.pc=0x0000027307beafcc relative=0x00000000000000ac
Event: 8.275 Thread 0x00000273173751d0 Uncommon trap: reason=unstable_if action=reinterpret pc=0x0000027307beafcc method=Catan.waitMouseClick()Lorg/joml/Vector3f; @ 9 c2
Event: 8.275 Thread 0x00000273173751d0 DEOPT PACKING pc=0x0000027307beafcc sp=0x000000c13ccfefe0
Event: 8.275 Thread 0x00000273173751d0 DEOPT UNPACKING pc=0x00000273074a7982 sp=0x000000c13ccfef90 mode 2
Event: 8.281 Thread 0x00000273173751d0 DEOPT PACKING pc=0x00000273001a6fc9 sp=0x000000c13ccfefc0
Event: 8.281 Thread 0x00000273173751d0 DEOPT UNPACKING pc=0x00000273074a84c2 sp=0x000000c13ccfe498 mode 0
Event: 8.392 Thread 0x00000273173751d0 Uncommon trap: trap_request=0xffffff45 fr.pc=0x0000027307bfc3c8 relative=0x00000000000000a8
Event: 8.392 Thread 0x00000273173751d0 Uncommon trap: reason=unstable_if action=reinterpret pc=0x0000027307bfc3c8 method=Catan.waitMouseRelease()V @ 8 c2
Event: 8.392 Thread 0x00000273173751d0 DEOPT PACKING pc=0x0000027307bfc3c8 sp=0x000000c13ccfefe0
Event: 8.392 Thread 0x00000273173751d0 DEOPT UNPACKING pc=0x00000273074a7982 sp=0x000000c13ccfefa0 mode 2
Event: 8.397 Thread 0x00000273173751d0 DEOPT PACKING pc=0x000002730018830c sp=0x000000c13ccfefb0
Event: 8.397 Thread 0x00000273173751d0 DEOPT UNPACKING pc=0x00000273074a84c2 sp=0x000000c13ccfe490 mode 0
Event: 8.477 Thread 0x00000273173751d0 DEOPT PACKING pc=0x00000273001a73e6 sp=0x000000c13ccff070
Event: 8.477 Thread 0x00000273173751d0 DEOPT UNPACKING pc=0x00000273074a84c2 sp=0x000000c13ccfe538 mode 0

Classes loaded (20 events):
Event: 1.056 Loading class sun/util/resources/OpenListResourceBundle
Event: 1.056 Loading class sun/util/resources/OpenListResourceBundle done
Event: 1.056 Loading class sun/util/resources/TimeZoneNamesBundle done
Event: 1.056 Loading class sun/util/resources/cldr/TimeZoneNames done
Event: 1.056 Loading class sun/util/resources/cldr/TimeZoneNames_en
Event: 1.056 Loading class sun/util/resources/cldr/TimeZoneNames_en done
Event: 1.057 Loading class sun/util/resources/cldr/TimeZoneNames_en_US
Event: 1.057 Loading class sun/util/resources/cldr/TimeZoneNames_en_US done
Event: 1.057 Loading class java/util/LinkedHashMap$LinkedKeySet
Event: 1.057 Loading class java/util/LinkedHashMap$LinkedKeySet done
Event: 1.486 Loading class java/lang/ArrayIndexOutOfBoundsException
Event: 1.486 Loading class java/lang/ArrayIndexOutOfBoundsException done
Event: 1.533 Loading class java/lang/Thread$ThreadNumbering
Event: 1.533 Loading class java/lang/Thread$ThreadNumbering done
Event: 8.278 Loading class java/lang/FdLibm$Acos
Event: 8.278 Loading class java/lang/FdLibm$Acos done
Event: 8.278 Loading class java/lang/FdLibm
Event: 8.278 Loading class java/lang/FdLibm done
Event: 8.675 Loading class java/util/LinkedList$Node
Event: 8.676 Loading class java/util/LinkedList$Node done

Classes unloaded (0 events):
No events

Classes redefined (0 events):
No events

Internal exceptions (20 events):
Event: 0.244 Thread 0x00000273772c4360 Exception <a 'sun/nio/fs/WindowsException'{0x00000007139eb5d0}> (0x00000007139eb5d0) 
thrown [s\open\src\hotspot\share\prims\jni.cpp, line 520]
Event: 0.249 Thread 0x00000273772c4360 Exception <a 'java/lang/NoSuchMethodError'{0x00000007136024c0}: 'int java.lang.invoke.Invokers$Holder.invokeExact_MT(java.lang.Object, java.lang.Object)'> (0x00000007136024c0) 
thrown [s\open\src\hotspot\share\interpreter\linkResolver.cpp, line 796]
Event: 0.593 Thread 0x00000273772c4360 Exception <a 'java/lang/NoSuchMethodError'{0x000000071367bf78}: 'void java.lang.System.load(java.lang.String, java.lang.Class)'> (0x000000071367bf78) 
thrown [s\open\src\hotspot\share\interpreter\linkResolver.cpp, line 796]
Event: 0.594 Thread 0x00000273772c4360 Exception <a 'java/lang/NoSuchMethodError'{0x000000071367ea08}: 'void java.lang.System.loadLibrary(java.lang.String, java.lang.Class)'> (0x000000071367ea08) 
thrown [s\open\src\hotspot\share\interpreter\linkResolver.cpp, line 796]
Event: 0.599 Thread 0x00000273772c4360 Exception <a 'sun/nio/fs/WindowsException'{0x000000071368d3f0}> (0x000000071368d3f0) 
thrown [s\open\src\hotspot\share\prims\jni.cpp, line 520]
Event: 0.599 Thread 0x00000273772c4360 Exception <a 'sun/nio/fs/WindowsException'{0x000000071368d7a8}> (0x000000071368d7a8) 
thrown [s\open\src\hotspot\share\prims\jni.cpp, line 520]
Event: 0.613 Thread 0x00000273772c4360 Exception <a 'sun/nio/fs/WindowsException'{0x0000000713699d80}> (0x0000000713699d80) 
thrown [s\open\src\hotspot\share\prims\jni.cpp, line 520]
Event: 0.613 Thread 0x00000273772c4360 Exception <a 'sun/nio/fs/WindowsException'{0x000000071369a070}> (0x000000071369a070) 
thrown [s\open\src\hotspot\share\prims\jni.cpp, line 520]
Event: 0.857 Thread 0x00000273772c4360 Exception <a 'java/lang/ClassNotFoundException'{0x00000007133aac10}: sun/awt/resources/spi/awtProvider> (0x00000007133aac10) 
thrown [s\open\src\hotspot\share\classfile\systemDictionary.cpp, line 313]
Event: 0.873 Thread 0x00000273772c4360 Exception <a 'java/io/FileNotFoundException'{0x00000007133e7e58}> (0x00000007133e7e58) 
thrown [s\open\src\hotspot\share\prims\jni.cpp, line 520]
Event: 0.877 Thread 0x00000273772c4360 Exception <a 'java/io/FileNotFoundException'{0x0000000713010db8}> (0x0000000713010db8) 
thrown [s\open\src\hotspot\share\prims\jni.cpp, line 520]
Event: 0.905 Thread 0x00000273772c4360 Exception <a 'sun/nio/fs/WindowsException'{0x00000007130b1e78}> (0x00000007130b1e78) 
thrown [s\open\src\hotspot\share\prims\jni.cpp, line 520]
Event: 0.905 Thread 0x00000273772c4360 Exception <a 'sun/nio/fs/WindowsException'{0x00000007130b2208}> (0x00000007130b2208) 
thrown [s\open\src\hotspot\share\prims\jni.cpp, line 520]
Event: 0.933 Thread 0x00000273772c4360 Exception <a 'sun/nio/fs/WindowsException'{0x00000007130c1720}> (0x00000007130c1720) 
thrown [s\open\src\hotspot\share\prims\jni.cpp, line 520]
Event: 0.933 Thread 0x00000273772c4360 Exception <a 'sun/nio/fs/WindowsException'{0x00000007130c1ab0}> (0x00000007130c1ab0) 
thrown [s\open\src\hotspot\share\prims\jni.cpp, line 520]
Event: 0.951 Thread 0x00000273772c4360 Exception <a 'java/lang/NoSuchMethodError'{0x000000071311ffc8}: 'void java.lang.System.load(java.lang.String, java.lang.Class)'> (0x000000071311ffc8) 
thrown [s\open\src\hotspot\share\interpreter\linkResolver.cpp, line 796]
Event: 0.952 Thread 0x00000273772c4360 Exception <a 'java/lang/NoSuchMethodError'{0x0000000713122a58}: 'void java.lang.System.loadLibrary(java.lang.String, java.lang.Class)'> (0x0000000713122a58) 
thrown [s\open\src\hotspot\share\interpreter\linkResolver.cpp, line 796]
Event: 0.956 Thread 0x00000273772c4360 Exception <a 'sun/nio/fs/WindowsException'{0x0000000713131768}> (0x0000000713131768) 
thrown [s\open\src\hotspot\share\prims\jni.cpp, line 520]
Event: 0.956 Thread 0x00000273772c4360 Exception <a 'sun/nio/fs/WindowsException'{0x0000000713131af8}> (0x0000000713131af8) 
thrown [s\open\src\hotspot\share\prims\jni.cpp, line 520]
Event: 1.487 Thread 0x00000273772c4360 Exception <a 'java/lang/ArrayIndexOutOfBoundsException'{0x0000000713cb6dc8}: Index 4 out of bounds for length 4> (0x0000000713cb6dc8) 
thrown [s\open\src\hotspot\share\interpreter\interpreterRuntime.cpp, line 422]

VM Operations (14 events):
Event: 0.065 Executing VM operation: HandshakeAllThreads (Deoptimize)
Event: 0.065 Executing VM operation: HandshakeAllThreads (Deoptimize) done
Event: 0.207 Executing VM operation: HandshakeAllThreads (Deoptimize)
Event: 0.207 Executing VM operation: HandshakeAllThreads (Deoptimize) done
Event: 0.782 Executing VM operation: HandshakeAllThreads (Deoptimize)
Event: 0.782 Executing VM operation: HandshakeAllThreads (Deoptimize) done
Event: 0.887 Executing VM operation: HandshakeAllThreads (Deoptimize)
Event: 0.887 Executing VM operation: HandshakeAllThreads (Deoptimize) done
Event: 0.993 Executing VM operation: HandshakeAllThreads (Deoptimize)
Event: 0.993 Executing VM operation: HandshakeAllThreads (Deoptimize) done
Event: 1.075 Executing VM operation: G1CollectForAllocation (G1 Evacuation Pause)
Event: 1.078 Executing VM operation: G1CollectForAllocation (G1 Evacuation Pause) done
Event: 1.356 Executing VM operation: G1CollectForAllocation (G1 Evacuation Pause)
Event: 1.358 Executing VM operation: G1CollectForAllocation (G1 Evacuation Pause) done

Memory protections (0 events):
No events

Nmethod flushes (0 events):
No events

Events (20 events):
Event: 0.061 Thread 0x00000273772c4360 Thread added: 0x0000027317374b40
Event: 0.067 Thread 0x00000273173917f0 Thread added: 0x0000027317390380
Event: 0.069 Thread 0x000002731738fcb0 Thread added: 0x0000027317391ec0
Event: 0.070 Thread 0x000002731738fcb0 Thread added: 0x0000027317392590
Event: 0.110 Thread 0x00000273772c4360 Thread added: 0x0000027317376580
Event: 0.110 Thread 0x00000273772c4360 Thread added: 0x0000027317375860
Event: 0.567 Thread 0x0000027317392590 Thread exited: 0x0000027317392590
Event: 0.904 Thread 0x000002731738fcb0 Thread added: 0x0000027317392590
Event: 1.171 Thread 0x0000027317391ec0 Thread exited: 0x0000027317391ec0
Event: 1.533 Thread 0x00000273772c4360 Thread added: 0x00000273173751d0
Event: 2.420 Thread 0x0000027317392590 Thread exited: 0x0000027317392590
Event: 2.604 Thread 0x0000027317390380 Thread exited: 0x0000027317390380
Event: 2.604 Thread 0x00000273173917f0 Thread exited: 0x00000273173917f0
Event: 7.909 Thread 0x000002731738fcb0 Thread added: 0x0000027317391120
Event: 9.112 Thread 0x000002731738fcb0 Thread added: 0x0000027317392590
Event: 9.112 Thread 0x000002731738fcb0 Thread added: 0x0000027317392c60
Event: 9.960 Thread 0x0000027317392c60 Thread exited: 0x0000027317392c60
Event: 9.960 Thread 0x0000027317392590 Thread exited: 0x0000027317392590
Event: 9.960 Thread 0x0000027317391120 Thread exited: 0x0000027317391120
Event: 11.062 Thread 0x00000273173751d0 Thread exited: 0x00000273173751d0


Dynamic libraries:
0x00007ff6e94e0000 - 0x00007ff6e94ee000 	D:\javajdk\bin\java.exe
0x00007ff935690000 - 0x00007ff935888000 	C:\Windows\SYSTEM32\ntdll.dll
0x00007ff934860000 - 0x00007ff934922000 	C:\Windows\System32\KERNEL32.DLL
0x00007ff933040000 - 0x00007ff93333f000 	C:\Windows\System32\KERNELBASE.dll
0x00007ff904370000 - 0x00007ff90485f000 	C:\Windows\system32\ctiuser.dll
0x00007ff932df0000 - 0x00007ff932ef0000 	C:\Windows\System32\ucrtbase.dll
0x00007ff92f440000 - 0x00007ff92f457000 	D:\javajdk\bin\jli.dll
0x00007ff92f420000 - 0x00007ff92f43b000 	D:\javajdk\bin\VCRUNTIME140.dll
0x00007ff934b80000 - 0x00007ff934d1d000 	C:\Windows\System32\USER32.dll
0x00007ff932dc0000 - 0x00007ff932de2000 	C:\Windows\System32\win32u.dll
0x00007ff9350b0000 - 0x00007ff9350db000 	C:\Windows\System32\GDI32.dll
0x00007ff9333e0000 - 0x00007ff9334fa000 	C:\Windows\System32\gdi32full.dll
0x00007ff933340000 - 0x00007ff9333dd000 	C:\Windows\System32\msvcp_win.dll
0x00007ff91b9f0000 - 0x00007ff91bc8a000 	C:\Windows\WinSxS\amd64_microsoft.windows.common-controls_6595b64144ccf1df_6.0.19041.4355_none_60b8b9eb71f62e16\COMCTL32.dll
0x00007ff9354d0000 - 0x00007ff93556e000 	C:\Windows\System32\msvcrt.dll
0x00007ff933f40000 - 0x00007ff933fef000 	C:\Windows\System32\ADVAPI32.dll
0x00007ff934e50000 - 0x00007ff934eef000 	C:\Windows\System32\sechost.dll
0x00007ff934620000 - 0x00007ff934743000 	C:\Windows\System32\RPCRT4.dll
0x00007ff933010000 - 0x00007ff933037000 	C:\Windows\System32\bcrypt.dll
0x00007ff91d300000 - 0x00007ff91d30b000 	C:\Windows\system32\FLTLIB.DLL
0x00007ff9345f0000 - 0x00007ff93461f000 	C:\Windows\System32\IMM32.DLL
0x00007ff92fa60000 - 0x00007ff92fa6c000 	D:\javajdk\bin\vcruntime140_1.dll
0x00007ff92ea00000 - 0x00007ff92ea8e000 	D:\javajdk\bin\msvcp140.dll
0x00007ff8bd8a0000 - 0x00007ff8be5f0000 	D:\javajdk\bin\server\jvm.dll
0x00007ff934a30000 - 0x00007ff934a9b000 	C:\Windows\System32\WS2_32.dll
0x00007ff932380000 - 0x00007ff9323cb000 	C:\Windows\SYSTEM32\POWRPROF.dll
0x00007ff924bc0000 - 0x00007ff924be7000 	C:\Windows\SYSTEM32\WINMM.dll
0x00007ff92e280000 - 0x00007ff92e28a000 	C:\Windows\SYSTEM32\VERSION.dll
0x00007ff932260000 - 0x00007ff932272000 	C:\Windows\SYSTEM32\UMPDC.dll
0x00007ff9309b0000 - 0x00007ff9309c2000 	C:\Windows\SYSTEM32\kernel.appcore.dll
0x00007ff92f410000 - 0x00007ff92f41a000 	D:\javajdk\bin\jimage.dll
0x00007ff924280000 - 0x00007ff924464000 	C:\Windows\SYSTEM32\DBGHELP.DLL
0x00007ff90b8d0000 - 0x00007ff90b904000 	C:\Windows\SYSTEM32\dbgcore.DLL
0x00007ff932d30000 - 0x00007ff932db2000 	C:\Windows\System32\bcryptPrimitives.dll
0x00007ff92f400000 - 0x00007ff92f40f000 	D:\javajdk\bin\instrument.dll
0x00007ff92f3e0000 - 0x00007ff92f3fe000 	D:\javajdk\bin\java.dll
0x00007ff934d20000 - 0x00007ff934e4b000 	C:\Windows\System32\ole32.dll
0x00007ff935170000 - 0x00007ff9354c5000 	C:\Windows\System32\combase.dll
0x00007ff9337d0000 - 0x00007ff933f3d000 	C:\Windows\System32\SHELL32.dll
0x00007ff930bb0000 - 0x00007ff931354000 	C:\Windows\SYSTEM32\windows.storage.dll
0x00007ff932680000 - 0x00007ff9326ab000 	C:\Windows\SYSTEM32\Wldp.dll
0x00007ff934470000 - 0x00007ff93453d000 	C:\Windows\System32\OLEAUT32.dll
0x00007ff934750000 - 0x00007ff9347fd000 	C:\Windows\System32\SHCORE.dll
0x00007ff934930000 - 0x00007ff934985000 	C:\Windows\System32\shlwapi.dll
0x00007ff932c60000 - 0x00007ff932c85000 	C:\Windows\SYSTEM32\profapi.dll
0x00007ff9187b0000 - 0x00007ff918887000 	D:\javajdk\bin\jsvml.dll
0x00007ff92f010000 - 0x00007ff92f027000 	D:\javajdk\bin\zip.dll
0x00007ff92f3d0000 - 0x00007ff92f3e0000 	D:\javajdk\bin\net.dll
0x00007ff932460000 - 0x00007ff9324cc000 	C:\Windows\system32\mswsock.dll
0x00007ff92eff0000 - 0x00007ff92f006000 	D:\javajdk\bin\nio.dll
0x00007ff92e860000 - 0x00007ff92e87a000 	C:\Program Files (x86)\JetBrains\IntelliJ IDEA Community Edition 2022.3.2\bin\breakgen64.dll
0x00007ff92f300000 - 0x00007ff92f309000 	D:\javajdk\bin\extnet.dll
0x00007ff92efe0000 - 0x00007ff92eff0000 	D:\javajdk\bin\verify.dll
0x00007ff918730000 - 0x00007ff9187ae000 	C:\Users\s887706\AppData\Local\Temp\lwjgl_s887706\3.3.6+1\x64\lwjgl.dll
0x00007ff90c820000 - 0x00007ff90c8a9000 	C:\Users\s887706\AppData\Local\Temp\lwjgl_s887706\3.3.6+1\x64\glfw.dll
0x00007ff920260000 - 0x00007ff9202a5000 	C:\Windows\SYSTEM32\dinput8.dll
0x00007ff92bb10000 - 0x00007ff92bb21000 	C:\Windows\SYSTEM32\xinput1_4.dll
0x00007ff933500000 - 0x00007ff93354e000 	C:\Windows\System32\cfgmgr32.dll
0x00007ff932ac0000 - 0x00007ff932af3000 	C:\Windows\SYSTEM32\DEVOBJ.dll
0x00007ff9306b0000 - 0x00007ff9306df000 	C:\Windows\SYSTEM32\dwmapi.dll
0x00007ff9285d0000 - 0x00007ff928722000 	C:\Windows\SYSTEM32\inputhost.dll
0x00007ff92ee50000 - 0x00007ff92ef42000 	C:\Windows\SYSTEM32\CoreMessaging.dll
0x00007ff92c600000 - 0x00007ff92c6f6000 	C:\Windows\SYSTEM32\PROPSYS.dll
0x00007ff92e2b0000 - 0x00007ff92e407000 	C:\Windows\SYSTEM32\wintypes.dll
0x00007ff92eaf0000 - 0x00007ff92ee4b000 	C:\Windows\SYSTEM32\CoreUIComponents.dll
0x00007ff931f70000 - 0x00007ff931fa3000 	C:\Windows\SYSTEM32\ntmarta.dll
0x00007ff930470000 - 0x00007ff93050e000 	C:\Windows\system32\uxtheme.dll
0x00007ff9336b0000 - 0x00007ff9337c5000 	C:\Windows\System32\MSCTF.dll
0x00007ff92f3b0000 - 0x00007ff92f3c2000 	C:\Windows\SysWOW64\LskHook64.dll
0x00007ff90c8b0000 - 0x00007ff90c9d8000 	C:\Windows\SYSTEM32\opengl32.dll
0x00007ff91ce40000 - 0x00007ff91ce6c000 	C:\Windows\SYSTEM32\GLU32.dll
0x00007ff934540000 - 0x00007ff9345e9000 	C:\Windows\System32\clbcatq.dll
0x00007ff8b63e0000 - 0x00007ff8b9084000 	C:\Windows\System32\DriverStore\FileRepository\nv_dispwi.inf_amd64_176b61118b9c1c69\nvoglv64.dll
0x00007ff933ff0000 - 0x00007ff934461000 	C:\Windows\System32\SETUPAPI.dll
0x00007ff92f6d0000 - 0x00007ff92f6e4000 	C:\Windows\SYSTEM32\WTSAPI32.dll
0x00007ff9328f0000 - 0x00007ff932902000 	C:\Windows\SYSTEM32\msasn1.dll
0x00007ff92c370000 - 0x00007ff92c3a1000 	C:\Windows\SYSTEM32\cryptnet.dll
0x00007ff933550000 - 0x00007ff9336ac000 	C:\Windows\System32\CRYPT32.dll
0x00007ff92c1e0000 - 0x00007ff92c327000 	C:\Windows\SYSTEM32\drvstore.dll
0x00007ff9325f0000 - 0x00007ff9325fc000 	C:\Windows\SYSTEM32\cryptbase.dll
0x00007ff932ef0000 - 0x00007ff932f58000 	C:\Windows\System32\WINTRUST.dll
0x00007ff934990000 - 0x00007ff9349ad000 	C:\Windows\System32\imagehlp.dll
0x00007ff9326c0000 - 0x00007ff9326d8000 	C:\Windows\SYSTEM32\CRYPTSP.dll
0x00007ff931cc0000 - 0x00007ff931cf8000 	C:\Windows\system32\rsaenh.dll
0x00007ff9215f0000 - 0x00007ff92380e000 	C:\Windows\System32\DriverStore\FileRepository\nv_dispwi.inf_amd64_176b61118b9c1c69\nvgpucomp64.dll
0x00007ff92f350000 - 0x00007ff92f38b000 	C:\Windows\SYSTEM32\dxcore.dll
0x00007ff931f10000 - 0x00007ff931f6b000 	C:\Windows\SYSTEM32\WINSTA.dll
0x00007ff92cc00000 - 0x00007ff92ccf9000 	C:\Windows\SYSTEM32\textinputframework.dll
0x00007ff90aaa0000 - 0x00007ff90aafd000 	C:\Users\s887706\AppData\Local\Temp\lwjgl_s887706\3.3.6+1\x64\lwjgl_opengl.dll
0x00007ff90a000000 - 0x00007ff90a18d000 	D:\javajdk\bin\awt.dll
0x00007ff92fbc0000 - 0x00007ff92fc54000 	C:\Windows\SYSTEM32\apphelp.dll
0x00007ff908f00000 - 0x00007ff909033000 	C:\Users\s887706\AppData\Local\Temp\lwjgl_s887706\3.3.6+1\x64\draco.dll
0x00007ff8bceb0000 - 0x00007ff8bd40f000 	C:\Users\s887706\AppData\Local\Temp\lwjgl_s887706\3.3.6+1\x64\assimp.dll
0x00007ff90aa00000 - 0x00007ff90aa99000 	C:\Users\s887706\AppData\Local\Temp\lwjgl_s887706\3.3.6+1\x64\lwjgl_stb.dll

dbghelp: loaded successfully - version: 4.0.5 - missing functions: none
symbol engine: initialized successfully - sym options: 0x614 - pdb path: .;D:\javajdk\bin;C:\Windows\SYSTEM32;C:\Windows\WinSxS\amd64_microsoft.windows.common-controls_6595b64144ccf1df_6.0.19041.4355_none_60b8b9eb71f62e16;D:\javajdk\bin\server;C:\Program Files (x86)\JetBrains\IntelliJ IDEA Community Edition 2022.3.2\bin;C:\Users\s887706\AppData\Local\Temp\lwjgl_s887706\3.3.6+1\x64;C:\Windows\SysWOW64;C:\Windows\System32\DriverStore\FileRepository\nv_dispwi.inf_amd64_176b61118b9c1c69

VM Arguments:
jvm_args: -javaagent:C:\Program Files (x86)\JetBrains\IntelliJ IDEA Community Edition 2022.3.2\lib\idea_rt.jar=55207:C:\Program Files (x86)\JetBrains\IntelliJ IDEA Community Edition 2022.3.2\bin -Dfile.encoding=UTF-8 -Dsun.stdout.encoding=UTF-8 -Dsun.stderr.encoding=UTF-8 
java_command: Catan
java_class_path (initial): D:\Java-Catan\out\production\Java-Catan;D:\Java-Catan\lwjgl-release-3.3.6-custom\lwjgl-assimp-natives-windows.jar;D:\Java-Catan\lwjgl-release-3.3.6-custom\lwjgl-assimp.jar;D:\Java-Catan\lwjgl-release-3.3.6-custom\lwjgl-glfw-natives-windows.jar;D:\Java-Catan\lwjgl-release-3.3.6-custom\lwjgl-glfw.jar;D:\Java-Catan\lwjgl-release-3.3.6-custom\lwjgl-natives-windows.jar;D:\Java-Catan\lwjgl-release-3.3.6-custom\lwjgl-openal-natives-windows.jar;D:\Java-Catan\lwjgl-release-3.3.6-custom\lwjgl-openal.jar;D:\Java-Catan\lwjgl-release-3.3.6-custom\lwjgl-opengl-natives-windows.jar;D:\Java-Catan\lwjgl-release-3.3.6-custom\lwjgl-opengl.jar;D:\Java-Catan\lwjgl-release-3.3.6-custom\lwjgl-stb-natives-windows.jar;D:\Java-Catan\lwjgl-release-3.3.6-custom\lwjgl-stb.jar;D:\Java-Catan\lwjgl-release-3.3.6-custom\lwjgl.jar;D:\Java-Catan\joml-1.10.7.jar
Launcher Type: SUN_STANDARD

[Global flags]
     intx CICompilerCount                          = 12                                        {product} {ergonomic}
     uint ConcGCThreads                            = 3                                         {product} {ergonomic}
     uint G1ConcRefinementThreads                  = 13                                        {product} {ergonomic}
   size_t G1HeapRegionSize                         = 2097152                                   {product} {ergonomic}
   size_t InitialHeapSize                          = 264241152                                 {product} {ergonomic}
   size_t MarkStackSize                            = 4194304                                   {product} {ergonomic}
   size_t MarkStackSizeMax                         = 536870912                                 {product} {ergonomic}
   size_t MaxHeapSize                              = 4223664128                                {product} {ergonomic}
   size_t MaxNewSize                               = 2533359616                                {product} {ergonomic}
   size_t MinHeapDeltaBytes                        = 2097152                                   {product} {ergonomic}
   size_t MinHeapSize                              = 8388608                                   {product} {ergonomic}
    uintx NonNMethodCodeHeapSize                   = 7602176                                {pd product} {ergonomic}
    uintx NonProfiledCodeHeapSize                  = 122093568                              {pd product} {ergonomic}
    uintx ProfiledCodeHeapSize                     = 121962496                              {pd product} {ergonomic}
    uintx ReservedCodeCacheSize                    = 251658240                              {pd product} {ergonomic}
     bool SegmentedCodeCache                       = true                                      {product} {ergonomic}
   size_t SoftMaxHeapSize                          = 4223664128                             {manageable} {ergonomic}
     bool UseCompressedOops                        = true                           {product lp64_product} {ergonomic}
     bool UseG1GC                                  = true                                      {product} {ergonomic}
     bool UseLargePagesIndividualAllocation        = false                                  {pd product} {ergonomic}

Logging:
Log output configuration:
 #0: stdout all=warning uptime,level,tags foldmultilines=false
 #1: stderr all=off uptime,level,tags foldmultilines=false

Environment Variables:
PATH=C:\Program Files\Common Files\Oracle\Java\javapath;C:\Windows\system32;C:\Windows;C:\Windows\System32\Wbem;C:\Windows\System32\WindowsPowerShell\v1.0\;C:\Windows\System32\OpenSSH\;C:\Users\s887706\AppData\Local\Microsoft\WindowsApps;
USERNAME=s887706
OS=Windows_NT
PROCESSOR_IDENTIFIER=Intel64 Family 6 Model 167 Stepping 1, GenuineIntel
TMP=C:\Users\s887706\AppData\Local\Temp
TEMP=C:\Users\s887706\AppData\Local\Temp




Periodic native trim disabled

---------------  S Y S T E M  ---------------

OS:
 Windows 10 , 64 bit Build 19041 (10.0.19041.5438)
OS uptime: 0 days 4:06 hours
Hyper-V role detected

CPU: total 16 (initial active 16) (8 cores per cpu, 2 threads per core) family 6 model 167 stepping 1 microcode 0x40, cx8, cmov, fxsr, ht, mmx, 3dnowpref, sse, sse2, sse3, ssse3, sse4.1, sse4.2, popcnt, lzcnt, tsc, tscinvbit, avx, avx2, aes, erms, clmul, bmi1, bmi2, adx, avx512f, avx512dq, avx512cd, avx512bw, avx512vl, sha, fma, vzeroupper, avx512_vpopcntdq, avx512_vpclmulqdq, avx512_vaes, avx512_vnni, clflush, clflushopt, avx512_vbmi2, avx512_vbmi, hv, rdtscp, rdpid, fsrm, gfni, avx512_bitalg, f16c, avx512_ifma
Processor Information for the first 16 processors :
  Max Mhz: 2496, Current Mhz: 2496, Mhz Limit: 2496

Memory: 4k page, system-wide physical 16105M (7101M free)
TotalPageFile size 18537M (AvailPageFile size 7643M)
current process WorkingSet (physical memory assigned to process): 278M, peak: 284M
current process commit charge ("private bytes"): 748M, peak: 750M

vm_info: OpenJDK 64-Bit Server VM (23.0.2+7-58) for windows-amd64 JRE (23.0.2+7-58), built on 2024-11-29T09:34:55Z with MS VC++ 17.6 (VS2022)

END.
